[36m[2020-10-15 18:12:35] [Commands.Util.ForceReset] [INFO][37m - User: [SnakeJ419] Channel: [bot] Guild: [Among Us Gang][0m
[37m[2020-10-15 18:12:35] [Commands.Util.ForceReset] [FINE][37m - Reverted: [?Spooky 1Revenger1?] to: [1Revenger1][0m
[37m[2020-10-15 18:12:35] [Commands.Util.ForceReset] [FINE][37m - Reverted: [?Spooky Chaun Deetle?] to: [Chaun Deetle][0m
[37m[2020-10-15 18:12:35] [Commands.Util.ForceReset] [FINE][37m - Reverted: [?Spooky WontonAsian?] to: [WontonAsian][0m
[37m[2020-10-15 18:12:35] [Commands.Util.ForceReset] [FINE][37m - Reverted: [?Spooky Conar?] to: [Conar][0m
[37m[2020-10-15 18:12:35] [Commands.Util.ForceReset] [FINE][37m - Reverted: [⚰Spooky Lawlerhat⚰] to: [Lawlerhat][0m
[37m[2020-10-15 18:12:35] [Commands.Util.ForceReset] [FINE][37m - Reverted: [?Spooky Jerbilcraft?] to: [Jerbilcraft][0m
[37m[2020-10-15 18:12:35] [Commands.Util.ForceReset] [FINE][37m - Reverted: [Goldfishy] to: [Goldfishy][0m
[33m[2020-10-15 18:12:35] [Commands.Util.ForceReset] [WARNING][37m - Unable to modify admin: [Goldfishy], proceeding[0m
[37m[2020-10-15 18:12:35] [Commands.Util.ForceReset] [FINE][37m - Reverted: [SnakeJ] to: [SnakeJ419][0m
[33m[2020-10-15 18:12:35] [Commands.Util.ForceReset] [WARNING][37m - Unable to modify admin: [SnakeJ], proceeding[0m
[37m[2020-10-15 18:12:35] [Commands.Util.ForceReset] [FINE][37m - Reverted: [?Spooky Owlora9?] to: [Owlora9][0m
[37m[2020-10-15 18:12:35] [Commands.Util.ForceReset] [FINE][37m - Reverted: [?Spooky lukas moreau?] to: [lukas moreau][0m
[37m[2020-10-15 18:12:35] [Commands.Util.ForceReset] [FINE][37m - Reverted: [?Spooky cdg3?] to: [cdg3][0m
[37m[2020-10-15 18:12:35] [Commands.Util.ForceReset] [FINE][37m - Reverted: [chase is a whore] to: [thoughtslay3r][0m
[33m[2020-10-15 18:12:35] [Commands.Util.ForceReset] [WARNING][37m - Unable to modify admin: [chase is a whore], proceeding[0m
[37m[2020-10-15 18:12:35] [Commands.Util.ForceReset] [FINE][37m - Reverted: [?Spooky largeamazonbox?] to: [largeamazonbox][0m
[37m[2020-10-15 18:12:35] [Commands.Util.ForceReset] [FINE][37m - Reverted: [?Spooky MortalBloom14?] to: [MortalBloom14][0m
[37m[2020-10-15 18:12:35] [Commands.Util.ForceReset] [FINE][37m - Reverted: [?Spooky robinhen317?] to: [robinhen317][0m
[37m[2020-10-15 18:12:35] [Commands.Util.ForceReset] [FINE][37m - Reverted: [?Spooky ConDog?] to: [ConDog][0m
[37m[2020-10-15 18:12:35] [Commands.Util.ForceReset] [FINE][37m - Reverted: [?Spooky The Time Lord?] to: [The Time Lord][0m
[36m[2020-10-15 18:13:22] [Commands.Seasonal.Spookify] [INFO][37m - User: [SnakeJ419] Channel: [bot] Guild: [Among Us Gang][0m
[37m[2020-10-15 18:13:22] [Commands.Seasonal.Spookify] [FINE][37m - Changed: [1Revenger1] to: [?Spooky 1Revenger1?][0m
[37m[2020-10-15 18:13:22] [Commands.Seasonal.Spookify] [FINE][37m - Changed: [Chaun Deetle] to: [?Spooky Chaun Deetle?][0m
[37m[2020-10-15 18:13:22] [Commands.Seasonal.Spookify] [FINE][37m - Changed: [WontonAsian] to: [?Spooky WontonAsian?][0m
[37m[2020-10-15 18:13:22] [Commands.Seasonal.Spookify] [FINE][37m - Changed: [Conar] to: [⚰Spooky Conar⚰][0m
[37m[2020-10-15 18:13:22] [Commands.Seasonal.Spookify] [FINE][37m - Changed: [Lawlerhat] to: [?Spooky Lawlerhat?][0m
[37m[2020-10-15 18:13:22] [Commands.Seasonal.Spookify] [FINE][37m - Changed: [Jerbilcraft] to: [?Spooky Jerbilcraft?][0m
[37m[2020-10-15 18:13:22] [Commands.Seasonal.Spookify] [FINE][37m - Changed: [Goldfishy] to: [?Spooky Goldfishy?][0m
[33m[2020-10-15 18:13:22] [Commands.Seasonal.Spookify] [WARNING][37m - Unable to modify admin: [Goldfishy], proceeding[0m
[37m[2020-10-15 18:13:22] [Commands.Seasonal.Spookify] [FINE][37m - Changed: [SnakeJ] to: [?Spooky SnakeJ?][0m
[33m[2020-10-15 18:13:22] [Commands.Seasonal.Spookify] [WARNING][37m - Unable to modify admin: [SnakeJ], proceeding[0m
[37m[2020-10-15 18:13:22] [Commands.Seasonal.Spookify] [FINE][37m - Changed: [Owlora9] to: [?Spooky Owlora9?][0m
[37m[2020-10-15 18:13:22] [Commands.Seasonal.Spookify] [FINE][37m - Changed: [lukas moreau] to: [?Spooky lukas moreau?][0m
[37m[2020-10-15 18:13:22] [Commands.Seasonal.Spookify] [FINE][37m - Changed: [cdg3] to: [?Spooky cdg3?][0m
[37m[2020-10-15 18:13:22] [Commands.Seasonal.Spookify] [FINE][37m - Changed: [chase is a whore] to: [?Spooky chase is a whore?][0m
[33m[2020-10-15 18:13:22] [Commands.Seasonal.Spookify] [WARNING][37m - Unable to modify admin: [chase is a whore], proceeding[0m
[37m[2020-10-15 18:13:22] [Commands.Seasonal.Spookify] [FINE][37m - Changed: [largeamazonbox] to: [?Spooky largeamazonbox?][0m
[37m[2020-10-15 18:13:22] [Commands.Seasonal.Spookify] [FINE][37m - Changed: [MortalBloom14] to: [?Spooky MortalBloom14?][0m
[37m[2020-10-15 18:13:22] [Commands.Seasonal.Spookify] [FINE][37m - Changed: [robinhen317] to: [?Spooky robinhen317?][0m
[37m[2020-10-15 18:13:22] [Commands.Seasonal.Spookify] [FINE][37m - Changed: [ConDog] to: [?Spooky ConDog?][0m
[37m[2020-10-15 18:13:22] [Commands.Seasonal.Spookify] [FINE][37m - Changed: [The Time Lord] to: [?Spooky The Time Lord?][0m
[36m[2020-10-15 20:13:24] [Commands.dnd.SetDNDNick] [INFO][37m - User: [Conar] Channel: [bots] Guild: [Woah, Nice Cock][0m
[36m[2020-10-15 20:13:24] [Commands.dnd.SetDNDNick] [INFO][37m - DND Nick of: ?Spooky Conar? saved as: Fawn[0m
[36m[2020-10-15 22:37:30] [Commands.Util.Clear] [INFO][37m - User: [SnakeJ419] Channel: [general] Guild: [Woah, Nice Cock][0m
[37m[2020-10-15 22:37:30] [Commands.Util.Clear] [FINE][37m - Removed Message: [766535275215323138] Content: [$clear 3] From: [?Spooky SnakeJ419?][0m
[37m[2020-10-15 22:37:30] [Commands.Util.Clear] [FINE][37m - Removed Message: [766535237210865696] Content: [dab] From: [?Spooky Lawlerhat?][0m
[37m[2020-10-15 22:37:30] [Commands.Util.Clear] [FINE][37m - Removed Message: [766535225374146611] Content: [dab] From: [?Spooky SnakeJ419?][0m
[37m[2020-10-15 22:37:30] [Commands.Util.Clear] [FINE][37m - Removed Message: [766535048772976642] Content: [dab on the haters] From: [?Spooky SnakeJ419?][0m
[36m[2020-10-15 23:16:53] [Commands.Util.Clear] [INFO][37m - User: [SnakeJ419] Channel: [general] Guild: [TimeLord's Super Secret Test Server][0m
[37m[2020-10-15 23:16:53] [Commands.Util.Clear] [FINE][37m - Removed Message: [766545184934199316] Content: [$clear 10] From: [SnakeJ419][0m
[37m[2020-10-15 23:16:53] [Commands.Util.Clear] [FINE][37m - Removed Message: [766545090524348456] Content: [SnakeJ419 was kissed by SnakeJ419 under the mistletoe!] From: [The Time Lord][0m
[37m[2020-10-15 23:16:53] [Commands.Util.Clear] [FINE][37m - Removed Message: [766545089869643866] Content: [yeet] From: [SnakeJ419][0m
[37m[2020-10-15 23:16:53] [Commands.Util.Clear] [FINE][37m - Removed Message: [766545081037094933] Content: [hello there] From: [SnakeJ419][0m
[37m[2020-10-15 23:16:53] [Commands.Util.Clear] [FINE][37m - Removed Message: [766544949440544778] Content: [$mistletoe] From: [SnakeJ419][0m
[37m[2020-10-15 23:16:53] [Commands.Util.Clear] [FINE][37m - Removed Message: [766544867785572372] Content: [$mistletoe] From: [SnakeJ419][0m
[37m[2020-10-15 23:16:53] [Commands.Util.Clear] [FINE][37m - Removed Message: [766544244621180988] Content: [] From: [The Time Lord][0m
[36m[2020-10-15 23:18:03] [Commands.Util.ClearTo] [INFO][37m - User: [SnakeJ419] Channel: [general] Guild: [TimeLord's Super Secret Test Server][0m
[37m[2020-10-15 23:18:03] [Commands.Util.ClearTo] [FINE][37m - Removed Message: [766545479331872768] Content: [$clearto 766545300797915167] From: [SnakeJ419][0m
[37m[2020-10-15 23:18:03] [Commands.Util.ClearTo] [FINE][37m - Removed Message: [766545416803713044] Content: [SnakeJ419 was kissed by SnakeJ419 under the mistletoe!] From: [The Time Lord][0m
[37m[2020-10-15 23:18:03] [Commands.Util.ClearTo] [FINE][37m - Removed Message: [766545416040480799] Content: [yeet] From: [SnakeJ419][0m
[37m[2020-10-15 23:18:03] [Commands.Util.ClearTo] [FINE][37m - Removed Message: [766545406473011262] Content: [yeet] From: [SnakeJ419][0m
[37m[2020-10-15 23:18:03] [Commands.Util.ClearTo] [FINE][37m - Removed Message: [766545385584852992] Content: [yeet] From: [SnakeJ419][0m
[37m[2020-10-15 23:18:03] [Commands.Util.ClearTo] [FINE][37m - Removed Message: [766545377720664075] Content: [yeet] From: [SnakeJ419][0m
[37m[2020-10-15 23:18:03] [Commands.Util.ClearTo] [FINE][37m - Removed Message: [766545346976415756] Content: [SnakeJ419 was kissed by SnakeJ419 under the mistletoe!] From: [The Time Lord][0m
[37m[2020-10-15 23:18:03] [Commands.Util.ClearTo] [FINE][37m - Removed Message: [766545346548465704] Content: [yeet] From: [SnakeJ419][0m
[37m[2020-10-15 23:18:03] [Commands.Util.ClearTo] [FINE][37m - Removed Message: [766545301426405396] Content: [Channel can only be trapped once! oh no, it looks like you've made a mistake] From: [The Time Lord][0m
[37m[2020-10-15 23:18:03] [Commands.Util.ClearTo] [FINE][37m - Removed Message: [766545300797915167] Content: [$mistletoe] From: [SnakeJ419][0m
[36m[2020-10-15 23:35:36] [Commands.Util.Clear] [INFO][37m - User: [SnakeJ419] Channel: [general] Guild: [Woah, Nice Cock][0m
[37m[2020-10-15 23:35:36] [Commands.Util.Clear] [FINE][37m - Removed Message: [766549894830751774] Content: [$clear 2] From: [?Spooky SnakeJ419?][0m
[37m[2020-10-15 23:35:36] [Commands.Util.Clear] [FINE][37m - Removed Message: [766549851013382154] Content: [https://discord.gg/3FfvMj] From: [?Spooky SnakeJ419?][0m
[37m[2020-10-15 23:35:36] [Commands.Util.Clear] [FINE][37m - Removed Message: [766549803236589568] Content: [$mistletoe] From: [?Spooky SnakeJ419?][0m
[36m[2020-10-16 09:57:18] [Commands.DabCommand] [INFO][37m - User: [SnakeJ419] Channel: [general] Guild: [TimeLord's Super Secret Test Server][0m
[36m[2020-10-16 09:58:18] [Commands.DabCommand] [INFO][37m - User: [SnakeJ419] Channel: [general] Guild: [TimeLord's Super Secret Test Server][0m
