[36m[2021-05-19 12:47:17] [Commands.timezones.TimeConversion] [INFO][37m - User: [GrandLucidity] Channel: [vault-of-ass] Guild: [JMDD][0m
[36m[2021-05-19 13:08:24] [Commands.timezones.TimeConversion] [INFO][37m - User: [thoughtslay3r] Channel: [vault-of-ass] Guild: [JMDD][0m
[36m[2021-05-19 14:22:43] [Commands.timezones.RegisterTimezone] [INFO][37m - User: [Xeneres] Channel: [bots] Guild: [JMDD][0m
[36m[2021-05-19 14:28:33] [Commands.meme.DabCommand] [INFO][37m - User: [GrandLucidity] Channel: [vault-of-ass] Guild: [JMDD][0m
[36m[2021-05-19 18:45:37] [Commands.meme.DabCommand] [INFO][37m - User: [BarleyZP] Channel: [general] Guild: [Strewbarbs Server][0m
[36m[2021-05-19 18:45:50] [Commands.Util.Clear] [INFO][37m - User: [SnakeJ419] Channel: [general] Guild: [Strewbarbs Server][0m
[37m[2021-05-19 18:45:50] [Commands.Util.Clear] [FINE][37m - Removed Message: [844752750256586802] Content: [$clear 1] From: [SnakeJ419][0m
[37m[2021-05-19 18:45:50] [Commands.Util.Clear] [FINE][37m - Removed Message: [844752697339936768] Content: [] From: [The Time Lord][0m
[36m[2021-05-19 18:46:31] [Commands.Util.Suppress$SilentSuppressor] [INFO][37m - Suppressed [SnakeJ419] in [TimeLord's Super Secret Test Server][0m
[36m[2021-05-19 18:47:42] [Commands.Util.Suppress$SilentSuppressor] [INFO][37m - Suppressed [SnakeJ419] in [TimeLord's Super Secret Test Server][0m
[36m[2021-05-19 18:47:54] [Commands.Util.Suppress$SilentSuppressor] [INFO][37m - Ended suppression on [SnakeJ419] in [TimeLord's Super Secret Test Server][0m
[36m[2021-05-19 18:48:23] [Commands.Util.Suppress$SilentSuppressor] [INFO][37m - Suppressed [keeper of the kneecaps] in [Strewbarbs Server][0m
[36m[2021-05-19 18:53:38] [Commands.Util.Suppress$SilentSuppressor] [INFO][37m - Ended suppression on [keeper of the kneecaps] in [Strewbarbs Server][0m
[36m[2021-05-19 19:10:16] [Commands.timezones.TimeConversion] [INFO][37m - User: [SnakeJ419] Channel: [general] Guild: [Strewbarbs Server][0m
[36m[2021-05-19 19:35:26] [Commands.meme.DabCommand] [INFO][37m - User: [BarleyZP] Channel: [general] Guild: [Strewbarbs Server][0m
[36m[2021-05-20 12:58:35] [Commands.meme.DabCommand] [INFO][37m - User: [SnakeJ419] Channel: [general] Guild: [Strewbarbs Server][0m
[36m[2021-05-20 13:30:04] [Commands.Util.Suppress$SilentSuppressor] [INFO][37m - Suppressed [e] in [JMDD][0m
[36m[2021-05-20 13:30:53] [Commands.Util.Suppress$SilentSuppressor] [INFO][37m - Ended suppression on [e] in [JMDD][0m
[36m[2021-05-20 19:12:39] [Commands.Util.Suppress$SilentSuppressor] [INFO][37m - Suppressed [keeper of the kneecaps] in [Strewbarbs Server][0m
[36m[2021-05-20 19:20:15] [Commands.Util.Suppress$SilentSuppressor] [INFO][37m - Ended suppression on [keeper of the kneecaps] in [Strewbarbs Server][0m
[36m[2021-05-20 19:35:44] [Commands.Util.Suppress$SilentSuppressor] [INFO][37m - Suppressed [keeper of the kneecaps] in [Strewbarbs Server][0m
[36m[2021-05-20 21:39:45] [Commands.Util.Suppress$SilentSuppressor] [INFO][37m - Ended suppression on [keeper of the kneecaps] in [Strewbarbs Server][0m
[36m[2021-05-20 22:15:27] [Commands.Util.Clear] [INFO][37m - User: [SnakeJ419] Channel: [old-general] Guild: [Woah, Nice Cock][0m
[37m[2021-05-20 22:15:27] [Commands.Util.Clear] [FINE][37m - Removed Message: [845167890419679263] Content: [$clear 1] From: [SnakeJ419][0m
[37m[2021-05-20 22:15:27] [Commands.Util.Clear] [FINE][37m - Removed Message: [845167802163789866] Content: [Josh is now a sperm] From: [CLÜE][0m
[36m[2021-05-20 22:16:19] [Commands.Util.Clear] [INFO][37m - User: [SnakeJ419] Channel: [old-general] Guild: [Woah, Nice Cock][0m
[33m[2021-05-20 22:16:19] [Commands.Util.Clear] [WARNING][37m - Failed to parse integer from: [$clear 2\][0m
[36m[2021-05-20 22:16:26] [Commands.Util.Clear] [INFO][37m - User: [SnakeJ419] Channel: [old-general] Guild: [Woah, Nice Cock][0m
[37m[2021-05-20 22:16:26] [Commands.Util.Clear] [FINE][37m - Removed Message: [845168140262703134] Content: [$clear 3] From: [SnakeJ419][0m
[37m[2021-05-20 22:16:26] [Commands.Util.Clear] [FINE][37m - Removed Message: [845168111544172555] Content: [Failed to parse command, messages to clear must be between 1 and 99] From: [The Time Lord][0m
[37m[2021-05-20 22:16:26] [Commands.Util.Clear] [FINE][37m - Removed Message: [845168110918959174] Content: [$clear 2\] From: [SnakeJ419][0m
[37m[2021-05-20 22:16:26] [Commands.Util.Clear] [FINE][37m - Removed Message: [845168092175007754] Content: [Josh is now a sperm] From: [CLÜE][0m
[36m[2021-05-20 22:21:30] [Commands.Util.Suppress$SilentSuppressor] [INFO][37m - Suppressed [CLÜE] in [Woah, Nice Cock][0m
[36m[2021-05-20 22:23:38] [Commands.Util.Suppress$SilentSuppressor] [INFO][37m - Ended suppression on [CLÜE] in [Woah, Nice Cock][0m
[36m[2021-05-20 22:42:30] [Commands.timezones.TimeConversion] [INFO][37m - User: [Conar] Channel: [new-general] Guild: [Woah, Nice Cock][0m
[36m[2021-05-21 09:13:39] [Commands.timezones.TimeConversion] [INFO][37m - User: [SnakeJ419] Channel: [general] Guild: [Strewbarbs Server][0m
[36m[2021-05-21 13:58:46] [Commands.Util.Clear] [INFO][37m - User: [SnakeJ419] Channel: [old-general] Guild: [Woah, Nice Cock][0m
[37m[2021-05-21 13:58:46] [Commands.Util.Clear] [FINE][37m - Removed Message: [845405290068312094] Content: [$clear 1] From: [unknown][0m
[37m[2021-05-21 13:58:46] [Commands.Util.Clear] [FINE][37m - Removed Message: [845391328275595324] Content: [<@!297190923551506432> league?] From: [CLÜE][0m
[36m[2021-05-21 14:12:45] [Commands.timezones.TimeConversion] [INFO][37m - User: [Xeneres] Channel: [vault-of-ass] Guild: [JMDD][0m
[36m[2021-05-21 23:54:12] [Commands.timezones.TimeConversion] [INFO][37m - User: [BarleyZP] Channel: [general] Guild: [Strewbarbs Server][0m
[36m[2021-05-21 23:54:24] [Commands.timezones.TimeConversion] [INFO][37m - User: [SnakeJ419] Channel: [general] Guild: [Strewbarbs Server][0m
[36m[2021-05-22 00:12:11] [Commands.timezones.TimeConversion] [INFO][37m - User: [BarleyZP] Channel: [general] Guild: [Strewbarbs Server][0m
[36m[2021-05-22 09:02:55] [Commands.timezones.TimeConversion] [INFO][37m - User: [Xeneres] Channel: [destiny] Guild: [JMDD][0m
[36m[2021-05-22 09:03:34] [Commands.timezones.TimeConversion] [INFO][37m - User: [Boogiepop] Channel: [destiny] Guild: [JMDD][0m
[36m[2021-05-22 09:04:25] [Commands.timezones.TimeConversion] [INFO][37m - User: [Boogiepop] Channel: [destiny] Guild: [JMDD][0m
[36m[2021-05-24 13:00:11] [Commands.Scheduling.NewEvent] [INFO][37m - User: [SnakeJ419] Channel: [destiny] Guild: [JMDD][0m
[37m[2021-05-24 13:00:11] [Commands.Scheduling.NewEvent] [FINE][37m - Formatting error in received message, canceling request[0m
[36m[2021-05-24 13:00:50] [Commands.timezones.TimeConversion] [INFO][37m - User: [SnakeJ419] Channel: [destiny] Guild: [JMDD][0m
[36m[2021-05-24 13:00:50] [Commands.Scheduling.NewEvent] [INFO][37m - User: [SnakeJ419] Channel: [destiny] Guild: [JMDD][0m
[37m[2021-05-24 13:00:50] [Commands.Scheduling.NewEvent] [FINE][37m - Event [vault_of_ass] at [Mon May 24 15:30:00 PDT 2021] for up to [6] participants[0m
[36m[2021-05-24 20:31:27] [Commands.timezones.TimeConversion] [INFO][37m - User: [BarleyZP] Channel: [image-spam] Guild: [Strewbarbs Server][0m
[36m[2021-05-25 14:04:15] [Commands.timezones.TimeConversion] [INFO][37m - User: [Boogiepop] Channel: [destiny] Guild: [JMDD][0m
[36m[2021-05-25 15:43:48] [Commands.timezones.TimeConversion] [INFO][37m - User: [GrandLucidity] Channel: [destiny] Guild: [JMDD][0m
[36m[2021-05-25 15:44:03] [Commands.timezones.TimeConversion] [INFO][37m - User: [GrandLucidity] Channel: [destiny] Guild: [JMDD][0m
[36m[2021-05-25 15:44:43] [Commands.meme.DabCommand] [INFO][37m - User: [GrandLucidity] Channel: [destiny] Guild: [JMDD][0m
[36m[2021-05-25 15:51:34] [Commands.meme.DabCommand] [INFO][37m - User: [FunDome] Channel: [destiny] Guild: [JMDD][0m
[36m[2021-05-25 15:51:54] [Commands.meme.DabCommand] [INFO][37m - User: [Xeneres] Channel: [destiny] Guild: [JMDD][0m
[36m[2021-05-25 17:24:32] [Commands.meme.DabCommand] [INFO][37m - User: [Boogiepop] Channel: [destiny] Guild: [JMDD][0m
[36m[2021-05-25 21:10:29] [Commands.Util.Suppress$SilentSuppressor] [INFO][37m - Suppressed [Bread] in [Strewbarb's Server][0m
[36m[2021-05-25 21:11:30] [Commands.Util.Suppress$SilentSuppressor] [INFO][37m - Ended suppression on [Bread] in [Strewbarb's Server][0m
[36m[2021-05-25 21:12:00] [Commands.meme.DabCommand] [INFO][37m - User: [BarleyZP] Channel: [general] Guild: [Strewbarb's Server][0m
[36m[2021-05-26 09:07:19] [Commands.timezones.TimeConversion] [INFO][37m - User: [SnakeJ419] Channel: [video-spam] Guild: [Strewbarb's Server][0m
[36m[2021-05-26 22:08:51] [Commands.meme.DabCommand] [INFO][37m - User: [SnakeJ419] Channel: [image-spam] Guild: [Strewbarb's Server][0m
[36m[2021-05-27 11:27:57] [Commands.Util.Clear] [INFO][37m - User: [thoughtslay3r] Channel: [destiny] Guild: [JMDD][0m
[37m[2021-05-27 11:27:58] [Commands.Util.Clear] [FINE][37m - Removed Message: [847541660619636736] Content: [$clear 5] From: [unknown][0m
[37m[2021-05-27 11:27:58] [Commands.Util.Clear] [FINE][37m - Removed Message: [847539437952696401] Content: [fine I guess you are my little Vog champ] From: [unknown][0m
[37m[2021-05-27 11:27:58] [Commands.Util.Clear] [FINE][37m - Removed Message: [847537270402973747] Content: [pog] From: [unknown][0m
[37m[2021-05-27 11:27:58] [Commands.Util.Clear] [FINE][37m - Removed Message: [847536842914922536] Content: [Hell yeah] From: [unknown][0m
[37m[2021-05-27 11:27:58] [Commands.Util.Clear] [FINE][37m - Removed Message: [847536839589888040] Content: [I'll help if yall cant find a 6th] From: [unknown][0m
[37m[2021-05-27 11:27:58] [Commands.Util.Clear] [FINE][37m - Removed Message: [847536724006666260] Content: [lucid is probably out because of all the farming but does anyone wanna run vog later] From: [unknown][0m
[36m[2021-05-27 18:07:52] [Commands.timezones.TimeConversion] [INFO][37m - User: [BarleyZP] Channel: [general] Guild: [Strewbarb's Server][0m
[36m[2021-05-27 23:37:11] [Commands.Util.Suppress$SilentSuppressor] [INFO][37m - Suppressed [Lawlerhat] in [Woah, Nice Cock][0m
[36m[2021-05-27 23:38:02] [Commands.Util.Suppress$SilentSuppressor] [INFO][37m - Ended suppression on [Lawlerhat] in [Woah, Nice Cock][0m
[36m[2021-05-28 19:27:40] [Commands.meme.DabCommand] [INFO][37m - User: [BarleyZP] Channel: [general] Guild: [Strewbarb's Server][0m
[36m[2021-05-28 21:33:46] [Commands.Util.ClearTo] [INFO][37m - User: [SnakeJ419] Channel: [new-general] Guild: [Woah, Nice Cock][0m
[37m[2021-05-28 21:33:46] [Commands.Util.ClearTo] [FINE][37m - Removed Message: [848056503210082384] Content: [$clearto 848056438878240788] From: [unknown][0m
[37m[2021-05-28 21:33:46] [Commands.Util.ClearTo] [FINE][37m - Removed Message: [848056485447598101] Content: [<@!204436639072780299>] From: [CLÜE][0m
[37m[2021-05-28 21:33:46] [Commands.Util.ClearTo] [FINE][37m - Removed Message: [848056482481045505] Content: [<@!204436639072780299>] From: [CLÜE][0m
[37m[2021-05-28 21:33:46] [Commands.Util.ClearTo] [FINE][37m - Removed Message: [848056481496563722] Content: [<@!204436639072780299>] From: [CLÜE][0m
[37m[2021-05-28 21:33:46] [Commands.Util.ClearTo] [FINE][37m - Removed Message: [848056480367640586] Content: [Estas en discordo] From: [Conar][0m
[37m[2021-05-28 21:33:46] [Commands.Util.ClearTo] [FINE][37m - Removed Message: [848056448612171808] Content: [<@!204436639072780299>] From: [CLÜE][0m
[37m[2021-05-28 21:33:46] [Commands.Util.ClearTo] [FINE][37m - Removed Message: [848056447614582824] Content: [<@!204436639072780299>] From: [CLÜE][0m
[37m[2021-05-28 21:33:46] [Commands.Util.ClearTo] [FINE][37m - Removed Message: [848056446637572096] Content: [<@!204436639072780299>] From: [CLÜE][0m
[37m[2021-05-28 21:33:46] [Commands.Util.ClearTo] [FINE][37m - Removed Message: [848056445882859550] Content: [<@!204436639072780299>] From: [CLÜE][0m
[37m[2021-05-28 21:33:46] [Commands.Util.ClearTo] [FINE][37m - Removed Message: [848056444515385404] Content: [<@!204436639072780299>] From: [CLÜE][0m
[37m[2021-05-28 21:33:46] [Commands.Util.ClearTo] [FINE][37m - Removed Message: [848056443433517096] Content: [<@!204436639072780299>] From: [CLÜE][0m
[37m[2021-05-28 21:33:46] [Commands.Util.ClearTo] [FINE][37m - Removed Message: [848056442594000916] Content: [<@!204436639072780299>] From: [Conar][0m
[37m[2021-05-28 21:33:46] [Commands.Util.ClearTo] [FINE][37m - Removed Message: [848056442014924801] Content: [<@!204436639072780299>] From: [CLÜE][0m
[37m[2021-05-28 21:33:46] [Commands.Util.ClearTo] [FINE][37m - Removed Message: [848056440954552351] Content: [<@!204436639072780299>] From: [CLÜE][0m
[37m[2021-05-28 21:33:46] [Commands.Util.ClearTo] [FINE][37m - Removed Message: [848056440286740490] Content: [<@!204436639072780299>] From: [CLÜE][0m
[37m[2021-05-28 21:33:46] [Commands.Util.ClearTo] [FINE][37m - Removed Message: [848056438878240788] Content: [<@!204436639072780299>] From: [CLÜE][0m
[36m[2021-05-28 21:35:24] [Commands.Util.ClearTo] [INFO][37m - User: [SnakeJ419] Channel: [new-general] Guild: [Woah, Nice Cock][0m
[37m[2021-05-28 21:35:25] [Commands.Util.ClearTo] [FINE][37m - Removed Message: [848056916164214824] Content: [$clearto 848056520787623956] From: [unknown][0m
[37m[2021-05-28 21:35:25] [Commands.Util.ClearTo] [FINE][37m - Removed Message: [848056571405008916] Content: [<@!204436639072780299>] From: [CLÜE][0m
[37m[2021-05-28 21:35:25] [Commands.Util.ClearTo] [FINE][37m - Removed Message: [848056570411745290] Content: [<@!204436639072780299>] From: [CLÜE][0m
[37m[2021-05-28 21:35:25] [Commands.Util.ClearTo] [FINE][37m - Removed Message: [848056569182158858] Content: [<@!204436639072780299>] From: [CLÜE][0m
[37m[2021-05-28 21:35:25] [Commands.Util.ClearTo] [FINE][37m - Removed Message: [848056567907876875] Content: [<@!204436639072780299>] From: [CLÜE][0m
[37m[2021-05-28 21:35:25] [Commands.Util.ClearTo] [FINE][37m - Removed Message: [848056567093133322] Content: [<@!204436639072780299>] From: [CLÜE][0m
[37m[2021-05-28 21:35:25] [Commands.Util.ClearTo] [FINE][37m - Removed Message: [848056566266462218] Content: [<@!204436639072780299>] From: [CLÜE][0m
[37m[2021-05-28 21:35:25] [Commands.Util.ClearTo] [FINE][37m - Removed Message: [848056541437100064] Content: [<@!204436639072780299>] From: [CLÜE][0m
[37m[2021-05-28 21:35:25] [Commands.Util.ClearTo] [FINE][37m - Removed Message: [848056540559573003] Content: [<@!204436639072780299>] From: [CLÜE][0m
[37m[2021-05-28 21:35:25] [Commands.Util.ClearTo] [FINE][37m - Removed Message: [848056539335753758] Content: [<@!204436639072780299>] From: [CLÜE][0m
[37m[2021-05-28 21:35:25] [Commands.Util.ClearTo] [FINE][37m - Removed Message: [848056538123862066] Content: [<@!204436639072780299>] From: [CLÜE][0m
[37m[2021-05-28 21:35:25] [Commands.Util.ClearTo] [FINE][37m - Removed Message: [848056537204785172] Content: [<@!204436639072780299> <@!204436639072780299>] From: [CLÜE][0m
[37m[2021-05-28 21:35:25] [Commands.Util.ClearTo] [FINE][37m - Removed Message: [848056534642720819] Content: [<@!204436639072780299>] From: [CLÜE][0m
[37m[2021-05-28 21:35:25] [Commands.Util.ClearTo] [FINE][37m - Removed Message: [848056527474786314] Content: [<@!204436639072780299>] From: [CLÜE][0m
[37m[2021-05-28 21:35:25] [Commands.Util.ClearTo] [FINE][37m - Removed Message: [848056525988691969] Content: [<@!204436639072780299>] From: [CLÜE][0m
[37m[2021-05-28 21:35:25] [Commands.Util.ClearTo] [FINE][37m - Removed Message: [848056524886376459] Content: [<@!204436639072780299>] From: [CLÜE][0m
[37m[2021-05-28 21:35:25] [Commands.Util.ClearTo] [FINE][37m - Removed Message: [848056523804770315] Content: [<@!204436639072780299>] From: [CLÜE][0m
[37m[2021-05-28 21:35:25] [Commands.Util.ClearTo] [FINE][37m - Removed Message: [848056522801283072] Content: [<@!204436639072780299>] From: [CLÜE][0m
[37m[2021-05-28 21:35:25] [Commands.Util.ClearTo] [FINE][37m - Removed Message: [848056520787623956] Content: [<@!204436639072780299>] From: [CLÜE][0m
[36m[2021-05-28 22:26:40] [Commands.meme.DabCommand] [INFO][37m - User: [BarleyZP] Channel: [general] Guild: [DND - the world doesnt have a name i dont do that much planning][0m
[36m[2021-05-28 23:13:25] [Commands.Scheduling.NewEvent] [INFO][37m - User: [SnakeJ419] Channel: [image-spam] Guild: [Strewbarb's Server][0m
[37m[2021-05-28 23:13:25] [Commands.Scheduling.NewEvent] [FINE][37m - Formatting error in received message, canceling request[0m
[36m[2021-05-28 23:13:40] [Commands.timezones.TimeConversion] [INFO][37m - User: [SnakeJ419] Channel: [image-spam] Guild: [Strewbarb's Server][0m
[36m[2021-05-28 23:13:40] [Commands.Scheduling.NewEvent] [INFO][37m - User: [SnakeJ419] Channel: [image-spam] Guild: [Strewbarb's Server][0m
[37m[2021-05-28 23:13:40] [Commands.Scheduling.NewEvent] [FINE][37m - Event [yes] at [Fri May 28 23:30:00 PDT 2021] for up to [30] participants[0m
[36m[2021-05-28 23:17:12] [Commands.Util.ClearTo] [INFO][37m - User: [SnakeJ419] Channel: [image-spam] Guild: [Strewbarb's Server][0m
[37m[2021-05-28 23:17:13] [Commands.Util.ClearTo] [FINE][37m - Removed Message: [848082533571624970] Content: [$clearto 848081581712867389] From: [Bread][0m
[37m[2021-05-28 23:17:13] [Commands.Util.ClearTo] [FINE][37m - Removed Message: [848082387938443265] Content: [```diff
- 30
[6, 8, 2, 8, 6]
```] From: [The Time Lord][0m
[37m[2021-05-28 23:17:13] [Commands.Util.ClearTo] [FINE][37m - Removed Message: [848082387010322432] Content: [$5d10] From: [Bread][0m
[37m[2021-05-28 23:17:13] [Commands.Util.ClearTo] [FINE][37m - Removed Message: [848081715799785502] Content: [Sorry <@749499267995140228> But you're currently committed to this event!] From: [The Time Lord][0m
[37m[2021-05-28 23:17:13] [Commands.Util.ClearTo] [FINE][37m - Removed Message: [848081644433833984] Content: [] From: [The Time Lord][0m
[37m[2021-05-28 23:17:13] [Commands.Util.ClearTo] [FINE][37m - Removed Message: [848081643733778462] Content: [Converted Times: 11:30pm pst; 12:30pm mst; 1:30am cst; 2:30am est] From: [The Time Lord][0m
[37m[2021-05-28 23:17:13] [Commands.Util.ClearTo] [FINE][37m - Removed Message: [848081642769219624] Content: [$newevent yes 30 11:30pm] From: [Bread][0m
[37m[2021-05-28 23:17:13] [Commands.Util.ClearTo] [FINE][37m - Removed Message: [848081582614380576] Content: [Error with the formatting of your message, Message should be in the format of:
`$newevent <event_name> <max_participants> <hh:mma>`
or
`$newevent <event_name> <max_participants> <hh:mma> <MMM-dd>`] From: [The Time Lord][0m
[37m[2021-05-28 23:17:13] [Commands.Util.ClearTo] [FINE][37m - Removed Message: [848081581712867389] Content: [$newevent] From: [Bread][0m
[36m[2021-05-29 06:29:37] [Commands.timezones.TimeConversion] [INFO][37m - User: [SnakeJ419] Channel: [general] Guild: [TimeLord's Super Secret Test Server][0m
[36m[2021-05-29 06:30:28] [Commands.Util.Clear] [INFO][37m - User: [SnakeJ419] Channel: [general] Guild: [TimeLord's Super Secret Test Server][0m
[37m[2021-05-29 06:30:28] [Commands.Util.Clear] [FINE][37m - Removed Message: [848191568883613717] Content: [$clear 1] From: [SnakeJ419][0m
[37m[2021-05-29 06:30:28] [Commands.Util.Clear] [FINE][37m - Removed Message: [848191547806711838] Content: [hello there my name is joshua roshua how are you doing today] From: [SnakeJ419][0m
[36m[2021-05-29 06:30:53] [Commands.Util.Clean] [INFO][37m - User: [SnakeJ419] Channel: [general] Guild: [TimeLord's Super Secret Test Server][0m
[37m[2021-05-29 06:30:53] [Commands.Util.Clean] [FINE][37m - Removed Message: [848191357989158942] Content: [Converted Times: 7:00am pst; 8:00am mst; 9:00am cst; 10:00am est] From: [The Time Lord][0m
[37m[2021-05-29 06:30:53] [Commands.Util.Clean] [FINE][37m - Removed Message: [848191310611480576] Content: [```diff
- 9
[9]
```] From: [The Time Lord][0m
[37m[2021-05-29 06:30:53] [Commands.Util.Clean] [FINE][37m - Removed Message: [848191309725564928] Content: [$d20] From: [SnakeJ419][0m
[37m[2021-05-29 06:30:53] [Commands.Util.Clean] [FINE][37m - Removed Message: [848190606848163850] Content: [```diff
- 17
[17]
```] From: [The Time Lord][0m
[37m[2021-05-29 06:30:53] [Commands.Util.Clean] [FINE][37m - Removed Message: [848190605967884317] Content: [$d20] From: [SnakeJ419][0m
[37m[2021-05-29 06:30:53] [Commands.Util.Clean] [FINE][37m - Removed Message: [848086436704157707] Content: [```diff
- 7
[1, 2] + 4
```] From: [The Time Lord][0m
[37m[2021-05-29 06:30:53] [Commands.Util.Clean] [FINE][37m - Removed Message: [848086436187340801] Content: [$2d10 + 4] From: [SnakeJ419][0m
[37m[2021-05-29 06:30:53] [Commands.Util.Clean] [FINE][37m - Removed Message: [848086404738056192] Content: [```diff
- 12
[5, 3] + 4
```] From: [The Time Lord][0m
[37m[2021-05-29 06:30:53] [Commands.Util.Clean] [FINE][37m - Removed Message: [848086403853975582] Content: [$2d10+4] From: [SnakeJ419][0m
[37m[2021-05-29 06:30:53] [Commands.Util.Clean] [FINE][37m - Removed Message: [848086310426247199] Content: [```diff
- 35
[13, 17] + 5
```] From: [The Time Lord][0m
[37m[2021-05-29 06:30:53] [Commands.Util.Clean] [FINE][37m - Removed Message: [848086309415550996] Content: [$2d20 + 5] From: [SnakeJ419][0m
[37m[2021-05-29 06:30:53] [Commands.Util.Clean] [FINE][37m - Removed Message: [848086169031016468] Content: [```diff
- 17
[5, 2]
```] From: [The Time Lord][0m
[37m[2021-05-29 06:30:53] [Commands.Util.Clean] [FINE][37m - Removed Message: [848086168166989854] Content: [```diff
- 17
[5, 2] + 10
```] From: [The Time Lord][0m
[37m[2021-05-29 06:30:53] [Commands.Util.Clean] [FINE][37m - Removed Message: [848086167089840148] Content: [$2d10 + 10] From: [SnakeJ419][0m
[37m[2021-05-29 06:30:53] [Commands.Util.Clean] [FINE][37m - Removed Message: [848085620097155132] Content: [```diff
- 16
[16]
```] From: [The Time Lord][0m
[37m[2021-05-29 06:30:53] [Commands.Util.Clean] [FINE][37m - Removed Message: [848085619296567347] Content: [$d20] From: [SnakeJ419][0m
[37m[2021-05-29 06:30:53] [Commands.Util.Clean] [FINE][37m - Removed Message: [848084586058743829] Content: [```diff
- 10
[2, 8]
```] From: [The Time Lord][0m
[37m[2021-05-29 06:30:53] [Commands.Util.Clean] [FINE][37m - Removed Message: [848084585748103168] Content: [$2d10] From: [SnakeJ419][0m
[37m[2021-05-29 06:30:53] [Commands.Util.Clean] [FINE][37m - Removed Message: [848084564203405362] Content: [```diff
- 1
[1]
```] From: [The Time Lord][0m
[37m[2021-05-29 06:30:53] [Commands.Util.Clean] [FINE][37m - Removed Message: [848084563297304636] Content: [$d10] From: [SnakeJ419][0m
[37m[2021-05-29 06:30:53] [Commands.Util.Clean] [FINE][37m - Removed Message: [848082276956897310] Content: [```diff
- 283
[8, 2, 3, 7, 9, 5, 8, 5, 8, 10, 4, 6, 5, 9, 7, 9, 4, 1, 1, 6, 6, 2, 1, 10, 10, 7, 7, 7, 8, 9, 1, 9, 3, 2, 10, 4, 3, 6, 6, 6, 7, 9, 1, 7, 3, 5, 5, 5, 4, 3]
```] From: [The Time Lord][0m
[37m[2021-05-29 06:30:53] [Commands.Util.Clean] [FINE][37m - Removed Message: [848082276238753802] Content: [$50d10] From: [SnakeJ419][0m
[37m[2021-05-29 06:30:53] [Commands.Util.Clean] [FINE][37m - Removed Message: [848082242219278338] Content: [```diff
- 5
[5]
```] From: [The Time Lord][0m
[37m[2021-05-29 06:30:53] [Commands.Util.Clean] [FINE][37m - Removed Message: [848082241221033984] Content: [$d10] From: [SnakeJ419][0m
[37m[2021-05-29 06:30:53] [Commands.Util.Clean] [FINE][37m - Removed Message: [848082174036410399] Content: [```diff
- 4
[4]
'''] From: [The Time Lord][0m
[37m[2021-05-29 06:30:53] [Commands.Util.Clean] [FINE][37m - Removed Message: [848082173517103124] Content: [$d10] From: [SnakeJ419][0m
[37m[2021-05-29 06:30:53] [Commands.Util.Clean] [FINE][37m - Removed Message: [848082108261990460] Content: [```diff
- 1```
[1]] From: [The Time Lord][0m
[37m[2021-05-29 06:30:53] [Commands.Util.Clean] [FINE][37m - Removed Message: [848082107019296769] Content: [$d10] From: [SnakeJ419][0m
[37m[2021-05-29 06:30:53] [Commands.Util.Clean] [FINE][37m - Removed Message: [848082019615506462] Content: [```diff
 - 1```
[1]] From: [The Time Lord][0m
[37m[2021-05-29 06:30:53] [Commands.Util.Clean] [FINE][37m - Removed Message: [848082018688172062] Content: [$d10] From: [SnakeJ419][0m
[37m[2021-05-29 06:30:53] [Commands.Util.Clean] [FINE][37m - Removed Message: [848081903302213633] Content: [```diff
 - 10
[10]
```] From: [The Time Lord][0m
[37m[2021-05-29 06:30:53] [Commands.Util.Clean] [FINE][37m - Removed Message: [848081902501756959] Content: [$d10] From: [SnakeJ419][0m
[37m[2021-05-29 06:30:53] [Commands.Util.Clean] [FINE][37m - Removed Message: [848081366117384242] Content: [```diff
 - 5
[5]] From: [The Time Lord][0m
[37m[2021-05-29 06:30:53] [Commands.Util.Clean] [FINE][37m - Removed Message: [848081365220196412] Content: [$d10] From: [SnakeJ419][0m
[37m[2021-05-29 06:30:53] [Commands.Util.Clean] [FINE][37m - Removed Message: [848079306630496296] Content: [`[3, 6, 3, 7, 4, 4, 4]`] From: [The Time Lord][0m
[37m[2021-05-29 06:30:53] [Commands.Util.Clean] [FINE][37m - Removed Message: [848079305463300096] Content: [$7d7] From: [SnakeJ419][0m
[37m[2021-05-29 06:30:53] [Commands.Util.Clean] [FINE][37m - Removed Message: [848079034189086740] Content: [`[7, 3, 2, 2, 5, 2, 2]`] From: [The Time Lord][0m
[37m[2021-05-29 06:30:53] [Commands.Util.Clean] [FINE][37m - Removed Message: [848079033602539520] Content: [$7d7] From: [SnakeJ419][0m
[37m[2021-05-29 06:30:53] [Commands.Util.Clean] [FINE][37m - Removed Message: [848079016674197524] Content: [`[7, 2, 1, 4, 2, 6, 7]`] From: [The Time Lord][0m
[37m[2021-05-29 06:30:53] [Commands.Util.Clean] [FINE][37m - Removed Message: [848079015780941845] Content: [$7d7] From: [SnakeJ419][0m
[37m[2021-05-29 06:30:53] [Commands.Util.Clean] [FINE][37m - Removed Message: [848078952894693386] Content: [`[7, 1, 7, 5, 7, 5, 7]`] From: [The Time Lord][0m
[37m[2021-05-29 06:30:53] [Commands.Util.Clean] [FINE][37m - Removed Message: [848078951964606504] Content: [$7d7] From: [SnakeJ419][0m
[37m[2021-05-29 06:30:53] [Commands.Util.Clean] [FINE][37m - Removed Message: [848078849266548766] Content: [`[3, 5, 2, 4, 0, 1, 5]`] From: [The Time Lord][0m
[37m[2021-05-29 06:30:53] [Commands.Util.Clean] [FINE][37m - Removed Message: [848078848347078707] Content: [$7d7] From: [SnakeJ419][0m
[37m[2021-05-29 06:30:53] [Commands.Util.Clean] [FINE][37m - Removed Message: [848078821059067974] Content: [`[7]`] From: [The Time Lord][0m
[37m[2021-05-29 06:30:53] [Commands.Util.Clean] [FINE][37m - Removed Message: [848078820128718849] Content: [$d10] From: [SnakeJ419][0m
[37m[2021-05-29 06:30:53] [Commands.Util.Clean] [FINE][37m - Removed Message: [848077379817701416] Content: [Dice Type: 123586] From: [The Time Lord][0m
[37m[2021-05-29 06:30:53] [Commands.Util.Clean] [FINE][37m - Removed Message: [848077379243212840] Content: [$3466d123586] From: [SnakeJ419][0m
[37m[2021-05-29 06:30:53] [Commands.Util.Clean] [FINE][37m - Removed Message: [848077344240959518] Content: [Dice Type: 231] From: [The Time Lord][0m
[37m[2021-05-29 06:30:53] [Commands.Util.Clean] [FINE][37m - Removed Message: [848077343271551007] Content: [$d231] From: [SnakeJ419][0m
[37m[2021-05-29 06:30:53] [Commands.Util.Clean] [FINE][37m - Removed Message: [848077324661424159] Content: [Dice Type: 10] From: [The Time Lord][0m
[37m[2021-05-29 06:30:53] [Commands.Util.Clean] [FINE][37m - Removed Message: [848077324271878154] Content: [$d10] From: [SnakeJ419][0m
[37m[2021-05-29 06:30:53] [Commands.Util.Clean] [FINE][37m - Removed Message: [848076455136722976] Content: [Dice Type: 33] From: [The Time Lord][0m
[37m[2021-05-29 06:30:53] [Commands.Util.Clean] [FINE][37m - Removed Message: [848076184776474634] Content: [$d33] From: [SnakeJ419][0m
[37m[2021-05-29 06:30:53] [Commands.Util.Clean] [FINE][37m - Removed Message: [848071827011665962] Content: [Dice to be rolled1] From: [The Time Lord][0m
[37m[2021-05-29 06:30:53] [Commands.Util.Clean] [FINE][37m - Removed Message: [848071826726715412] Content: [$d10] From: [SnakeJ419][0m
[37m[2021-05-29 06:30:53] [Commands.Util.Clean] [FINE][37m - Removed Message: [848071805294215218] Content: [Dice to be rolled1] From: [The Time Lord][0m
[37m[2021-05-29 06:30:53] [Commands.Util.Clean] [FINE][37m - Removed Message: [848071804416557056] Content: [$1d10] From: [SnakeJ419][0m
[37m[2021-05-29 06:30:53] [Commands.Util.Clean] [FINE][37m - Removed Message: [848071053364297748] Content: [Dice to be rolled1] From: [The Time Lord][0m
[37m[2021-05-29 06:30:53] [Commands.Util.Clean] [FINE][37m - Removed Message: [848071052789547028] Content: [$1d10] From: [SnakeJ419][0m
[37m[2021-05-29 06:30:53] [Commands.Util.Clean] [FINE][37m - Removed Message: [848071032538398721] Content: [Dice to be rolled1] From: [The Time Lord][0m
[37m[2021-05-29 06:30:53] [Commands.Util.Clean] [FINE][37m - Removed Message: [848071032127488020] Content: [$d10] From: [SnakeJ419][0m
[37m[2021-05-29 06:30:53] [Commands.Util.Clean] [FINE][37m - Removed Message: [848071005900374046] Content: [Dice to be rolled13] From: [The Time Lord][0m
[37m[2021-05-29 06:30:53] [Commands.Util.Clean] [FINE][37m - Removed Message: [848071005125607504] Content: [$13d10] From: [SnakeJ419][0m
[37m[2021-05-29 06:30:53] [Commands.Util.Clean] [FINE][37m - Removed Message: [848069689242026014] Content: [https://discord.com/api/oauth2/authorize?client_id=733407709130391582&permissions=8&scope=bot] From: [The Time Lord][0m
[37m[2021-05-29 06:30:53] [Commands.Util.Clean] [FINE][37m - Removed Message: [848069688180867122] Content: [$invite] From: [SnakeJ419][0m
[37m[2021-05-29 06:30:53] [Commands.Util.Clean] [FINE][37m - Removed Message: [848068132438671400] Content: [Dice to be rolled1] From: [The Time Lord][0m
[37m[2021-05-29 06:30:53] [Commands.Util.Clean] [FINE][37m - Removed Message: [848068131426664478] Content: [$d50] From: [SnakeJ419][0m
[37m[2021-05-29 06:30:53] [Commands.Util.Clean] [FINE][37m - Removed Message: [844661582277640233] Content: [https://discord.com/api/oauth2/authorize?client_id=733407709130391582&permissions=8&scope=bot] From: [The Time Lord][0m
[37m[2021-05-29 06:30:53] [Commands.Util.Clean] [FINE][37m - Removed Message: [844661581535248424] Content: [$invite] From: [SnakeJ419][0m
[37m[2021-05-29 06:30:53] [Commands.Util.Clean] [FINE][37m - Removed Message: [817240671223808021] Content: [https://discord.com/api/oauth2/authorize?client_id=733407709130391582&permissions=8&scope=bot] From: [The Time Lord][0m
[37m[2021-05-29 06:30:53] [Commands.Util.Clean] [FINE][37m - Removed Message: [817240670388486196] Content: [$invite] From: [SnakeJ419][0m
[36m[2021-05-29 06:31:44] [Commands.Util.ClearTo] [INFO][37m - User: [SnakeJ419] Channel: [general] Guild: [TimeLord's Super Secret Test Server][0m
[37m[2021-05-29 06:31:44] [Commands.Util.ClearTo] [FINE][37m - Removed Message: [848191888635985930] Content: [$clearto 848084650249289728] From: [SnakeJ419][0m
[37m[2021-05-29 06:31:44] [Commands.Util.ClearTo] [FINE][37m - Removed Message: [848191440605806613] Content: [s] From: [SnakeJ419][0m
[37m[2021-05-29 06:31:44] [Commands.Util.ClearTo] [FINE][37m - Removed Message: [848191431653982218] Content: [f] From: [SnakeJ419][0m
[37m[2021-05-29 06:31:44] [Commands.Util.ClearTo] [FINE][37m - Removed Message: [848191421310566411] Content: [$d] From: [SnakeJ419][0m
[37m[2021-05-29 06:31:44] [Commands.Util.ClearTo] [FINE][37m - Removed Message: [848191381318402078] Content: [8] From: [SnakeJ419][0m
[37m[2021-05-29 06:31:44] [Commands.Util.ClearTo] [FINE][37m - Removed Message: [848191356816195605] Content: [7am] From: [SnakeJ419][0m
[37m[2021-05-29 06:31:44] [Commands.Util.ClearTo] [FINE][37m - Removed Message: [848191292269395979] Content: [s] From: [SnakeJ419][0m
[37m[2021-05-29 06:31:44] [Commands.Util.ClearTo] [FINE][37m - Removed Message: [848191183939305482] Content: [s] From: [SnakeJ419][0m
[37m[2021-05-29 06:31:44] [Commands.Util.ClearTo] [FINE][37m - Removed Message: [848190927193243668] Content: [s] From: [SnakeJ419][0m
[37m[2021-05-29 06:31:44] [Commands.Util.ClearTo] [FINE][37m - Removed Message: [848190527568740412] Content: [s] From: [SnakeJ419][0m
[37m[2021-05-29 06:31:44] [Commands.Util.ClearTo] [FINE][37m - Removed Message: [848085648325738496] Content: [$2d10 + 10] From: [SnakeJ419][0m
[37m[2021-05-29 06:31:44] [Commands.Util.ClearTo] [FINE][37m - Removed Message: [848084650249289728] Content: [$2d10 + 10] From: [SnakeJ419][0m
[36m[2021-05-30 16:05:48] [Commands.Scheduling.NewEvent] [INFO][37m - User: [SnakeJ419] Channel: [general] Guild: [TimeLord's Super Secret Test Server][0m
[37m[2021-05-30 16:05:48] [Commands.Scheduling.NewEvent] [FINE][37m - Formatting error in received message, canceling request[0m
[36m[2021-05-30 16:05:57] [Commands.timezones.TimeConversion] [INFO][37m - User: [SnakeJ419] Channel: [general] Guild: [TimeLord's Super Secret Test Server][0m
[36m[2021-05-30 16:05:58] [Commands.Scheduling.NewEvent] [INFO][37m - User: [SnakeJ419] Channel: [general] Guild: [TimeLord's Super Secret Test Server][0m
[37m[2021-05-30 16:05:58] [Commands.Scheduling.NewEvent] [FINE][37m - Event [yes] at [Sun May 30 14:30:00 PDT 2021] for up to [6] participants[0m
[36m[2021-05-30 16:18:32] [Commands.meme.DabCommand] [INFO][37m - User: [SnakeJ419] Channel: [bot-commands] Guild: [D&D & D&D Lawyers Office][0m
[36m[2021-05-30 16:19:26] [Commands.timezones.TimeConversion] [INFO][37m - User: [SnakeJ419] Channel: [bot-commands] Guild: [D&D & D&D Lawyers Office][0m
[36m[2021-05-30 16:19:35] [Commands.timezones.TimeConversion] [INFO][37m - User: [1Revenger1] Channel: [bot-commands] Guild: [D&D & D&D Lawyers Office][0m
[36m[2021-05-30 16:19:51] [Commands.timezones.RegisterTimezone] [INFO][37m - User: [1Revenger1] Channel: [bot-commands] Guild: [D&D & D&D Lawyers Office][0m
[36m[2021-05-30 16:20:24] [Commands.timezones.TimeConversion] [INFO][37m - User: [1Revenger1] Channel: [bot-commands] Guild: [D&D & D&D Lawyers Office][0m
[36m[2021-05-30 16:20:33] [Commands.timezones.TimeConversion] [INFO][37m - User: [SnakeJ419] Channel: [bot-commands] Guild: [D&D & D&D Lawyers Office][0m
[36m[2021-05-30 16:20:40] [Commands.timezones.TimeConversion] [INFO][37m - User: [SnakeJ419] Channel: [bot-commands] Guild: [D&D & D&D Lawyers Office][0m
[36m[2021-05-30 16:20:56] [Commands.timezones.TimeConversion] [INFO][37m - User: [1Revenger1] Channel: [bot-commands] Guild: [D&D & D&D Lawyers Office][0m
[36m[2021-05-30 16:21:31] [Commands.timezones.TimeConversion] [INFO][37m - User: [SnakeJ419] Channel: [bot-commands] Guild: [D&D & D&D Lawyers Office][0m
[36m[2021-05-30 16:21:31] [Commands.Scheduling.NewEvent] [INFO][37m - User: [SnakeJ419] Channel: [bot-commands] Guild: [D&D & D&D Lawyers Office][0m
[37m[2021-05-30 16:21:31] [Commands.Scheduling.NewEvent] [FINE][37m - Event [leave_dnd_call] at [Sun May 30 17:00:00 PDT 2021] for up to [6] participants[0m
[36m[2021-05-30 16:23:11] [Commands.Util.ClearTo] [INFO][37m - User: [SnakeJ419] Channel: [bot-commands] Guild: [D&D & D&D Lawyers Office][0m
[37m[2021-05-30 16:23:11] [Commands.Util.ClearTo] [FINE][37m - Removed Message: [848703118191493120] Content: [$clearto 848702849583677460] From: [Istriel H][0m
[37m[2021-05-30 16:23:11] [Commands.Util.ClearTo] [FINE][37m - Removed Message: [848702982434717717] Content: [Sorry <@139548522377641984> But you're currently committed to this event!] From: [The Time Lord][0m
[37m[2021-05-30 16:23:11] [Commands.Util.ClearTo] [FINE][37m - Removed Message: [848702974833721395] Content: [Sorry <@139548522377641984> But you're currently committed to this event!] From: [The Time Lord][0m
[37m[2021-05-30 16:23:11] [Commands.Util.ClearTo] [FINE][37m - Removed Message: [848702965484617728] Content: [Sorry <@139548522377641984> But you're currently committed to this event!] From: [The Time Lord][0m
[37m[2021-05-30 16:23:11] [Commands.Util.ClearTo] [FINE][37m - Removed Message: [848702957422772235] Content: [Sorry <@139548522377641984> But you're currently committed to this event!] From: [The Time Lord][0m
[37m[2021-05-30 16:23:11] [Commands.Util.ClearTo] [FINE][37m - Removed Message: [848702949529223278] Content: [Sorry <@139548522377641984> But you're currently committed to this event!] From: [The Time Lord][0m
[37m[2021-05-30 16:23:11] [Commands.Util.ClearTo] [FINE][37m - Removed Message: [848702929803673620] Content: [This command is admin protected] From: [The Time Lord][0m
[37m[2021-05-30 16:23:11] [Commands.Util.ClearTo] [FINE][37m - Removed Message: [848702929153949766] Content: [$clear 5] From: [Istriel H][0m
[37m[2021-05-30 16:23:11] [Commands.Util.ClearTo] [FINE][37m - Removed Message: [848702923746967595] Content: [Sorry <@139548522377641984> But you're currently committed to this event!] From: [The Time Lord][0m
[37m[2021-05-30 16:23:11] [Commands.Util.ClearTo] [FINE][37m - Removed Message: [848702918336708618] Content: [Sorry <@139548522377641984> But you're currently committed to this event!] From: [The Time Lord][0m
[37m[2021-05-30 16:23:11] [Commands.Util.ClearTo] [FINE][37m - Removed Message: [848702912385515521] Content: [Sorry <@139548522377641984> But you're currently committed to this event!] From: [The Time Lord][0m
[37m[2021-05-30 16:23:11] [Commands.Util.ClearTo] [FINE][37m - Removed Message: [848702903836475403] Content: [Sorry <@139548522377641984> But you're currently committed to this event!] From: [The Time Lord][0m
[37m[2021-05-30 16:23:11] [Commands.Util.ClearTo] [FINE][37m - Removed Message: [848702896438116392] Content: [Sorry <@139548522377641984> But you're currently committed to this event!] From: [The Time Lord][0m
[37m[2021-05-30 16:23:11] [Commands.Util.ClearTo] [FINE][37m - Removed Message: [848702888867004416] Content: [Sorry <@139548522377641984> But you're currently committed to this event!] From: [The Time Lord][0m
[37m[2021-05-30 16:23:11] [Commands.Util.ClearTo] [FINE][37m - Removed Message: [848702878767120445] Content: [Sorry <@139548522377641984> But you're currently committed to this event!] From: [The Time Lord][0m
[37m[2021-05-30 16:23:11] [Commands.Util.ClearTo] [FINE][37m - Removed Message: [848702849583677460] Content: [Sorry <@139548522377641984> But you're currently committed to this event!] From: [The Time Lord][0m
[36m[2021-05-30 17:31:24] [Commands.meme.DabCommand] [INFO][37m - User: [BarleyZP] Channel: [general] Guild: [Strewbarb's Server][0m
[36m[2021-06-01 14:10:02] [Commands.timezones.TimeConversion] [INFO][37m - User: [thoughtslay3r] Channel: [destiny] Guild: [JMDD][0m
[36m[2021-06-01 22:16:24] [Commands.timezones.TimeConversion] [INFO][37m - User: [SnakeJ419] Channel: [general] Guild: [Strewbarb's Server][0m
[36m[2021-06-02 23:07:51] [Commands.timezones.TimeConversion] [INFO][37m - User: [SnakeJ419] Channel: [general] Guild: [Strewbarb's Server][0m
[36m[2021-06-03 12:34:50] [Commands.Util.Suppress$SilentSuppressor] [INFO][37m - Suppressed [Lawlerhat] in [Woah, Nice Cock][0m
[36m[2021-06-03 12:35:10] [Commands.Util.Suppress$SilentSuppressor] [INFO][37m - Ended suppression on [Lawlerhat] in [Woah, Nice Cock][0m
[36m[2021-06-03 20:15:02] [Commands.Util.ClearTo] [INFO][37m - User: [SnakeJ419] Channel: [general] Guild: [Strewbarb's Server][0m
[37m[2021-06-03 20:15:02] [Commands.Util.ClearTo] [FINE][37m - Removed Message: [850211015072153631] Content: [$clearto 850210322244698132] From: [Bread][0m
[37m[2021-06-03 20:15:02] [Commands.Util.ClearTo] [FINE][37m - Removed Message: [850210943530565642] Content: [but also way to curious soooooooooo] From: [Bread][0m
[37m[2021-06-03 20:15:02] [Commands.Util.ClearTo] [FINE][37m - Removed Message: [850210915025420340] Content: [i- i am confused] From: [Bread][0m
[37m[2021-06-03 20:15:02] [Commands.Util.ClearTo] [FINE][37m - Removed Message: [850210816472383505] Content: [See the pun only worked if you picked 442 anyway, I've decided that there was no pun to be had in the first place, please wipe it from your memory] From: [unknown][0m
[37m[2021-06-03 20:15:02] [Commands.Util.ClearTo] [FINE][37m - Removed Message: [850210657377714206] Content: [but round numbers are nice so 440 > 442] From: [Bread][0m
[37m[2021-06-03 20:15:02] [Commands.Util.ClearTo] [FINE][37m - Removed Message: [850210619315847188] Content: [I was confused by the options so I decided word count was a good enough guess] From: [Bread][0m
[37m[2021-06-03 20:15:02] [Commands.Util.ClearTo] [FINE][37m - Removed Message: [850210472954822656] Content: [You were supposed to pick one of the options josh darn it, I had a pun ready] From: [unknown][0m
[37m[2021-06-03 20:15:02] [Commands.Util.ClearTo] [FINE][37m - Removed Message: [850210322244698132] Content: [I tune to 5 pages] From: [Bread][0m
[36m[2021-06-04 23:00:37] [Commands.Util.Suppress$SilentSuppressor] [INFO][37m - Suppressed [Special Agent BZP] in [Strewbarb's Server][0m
[36m[2021-06-04 23:00:57] [Commands.Util.Suppress$SilentSuppressor] [INFO][37m - Ended suppression on [Special Agent BZP] in [Strewbarb's Server][0m
[36m[2021-06-05 12:21:43] [Commands.timezones.TimeConversion] [INFO][37m - User: [BarleyZP] Channel: [general] Guild: [Strewbarb's Server][0m
[36m[2021-06-05 18:16:42] [Commands.meme.DabCommand] [INFO][37m - User: [FunDome] Channel: [general] Guild: [JMDD][0m
[36m[2021-06-05 18:16:49] [Commands.meme.DabCommand] [INFO][37m - User: [Boogiepop] Channel: [general] Guild: [JMDD][0m
[36m[2021-06-05 21:57:44] [Commands.timezones.TimeConversion] [INFO][37m - User: [Goldfishy] Channel: [offtopic] Guild: [D&D & D&D Lawyers Office][0m
[36m[2021-06-06 05:20:22] [Commands.timezones.TimeConversion] [INFO][37m - User: [RedBarn] Channel: [offtopic] Guild: [D&D & D&D Lawyers Office][0m
[36m[2021-06-08 00:05:58] [Commands.Util.Clear] [INFO][37m - User: [SnakeJ419] Channel: [new-general] Guild: [Woah, Nice Cock][0m
[37m[2021-06-08 00:05:58] [Commands.Util.Clear] [FINE][37m - Removed Message: [851718685542187009] Content: [$clear 7] From: [unknown][0m
[37m[2021-06-08 00:05:58] [Commands.Util.Clear] [FINE][37m - Removed Message: [851716048528343041] Content: [] From: [unknown][0m
[37m[2021-06-08 00:05:58] [Commands.Util.Clear] [FINE][37m - Removed Message: [851716023551262730] Content: [] From: [unknown][0m
[37m[2021-06-08 00:05:58] [Commands.Util.Clear] [FINE][37m - Removed Message: [851715888133439508] Content: [] From: [unknown][0m
[37m[2021-06-08 00:05:58] [Commands.Util.Clear] [FINE][37m - Removed Message: [851714385796661328] Content: [] From: [unknown][0m
[37m[2021-06-08 00:05:58] [Commands.Util.Clear] [FINE][37m - Removed Message: [851714033065525258] Content: [] From: [unknown][0m
[37m[2021-06-08 00:05:58] [Commands.Util.Clear] [FINE][37m - Removed Message: [851713714058821653] Content: [] From: [unknown][0m
[37m[2021-06-08 00:05:58] [Commands.Util.Clear] [FINE][37m - Removed Message: [851713624862621716] Content: [] From: [unknown][0m
[36m[2021-06-08 09:51:27] [Commands.timezones.TimeConversion] [INFO][37m - User: [SnakeJ419] Channel: [general] Guild: [Strewbarb's Server][0m
[36m[2021-06-08 09:53:26] [Commands.Util.Clean] [INFO][37m - User: [SnakeJ419] Channel: [general] Guild: [Strewbarb's Server][0m
[37m[2021-06-08 09:53:26] [Commands.Util.Clean] [FINE][37m - Removed Message: [851866031949086750] Content: [Converted Times: 11:00pm pst; 12:00pm mst; 1:00am cst; 2:00am est] From: [The Time Lord][0m
[36m[2021-06-08 11:40:07] [Commands.meme.DabCommand] [INFO][37m - User: [BarleyZP] Channel: [general] Guild: [Strewbarb's Server][0m
[36m[2021-06-08 11:44:18] [Commands.meme.DabCommand] [INFO][37m - User: [BarleyZP] Channel: [general] Guild: [Strewbarb's Server][0m
[36m[2021-06-08 11:44:24] [Commands.meme.DabCommand] [INFO][37m - User: [SnakeJ419] Channel: [general] Guild: [Strewbarb's Server][0m
[36m[2021-06-08 11:46:03] [Commands.meme.DabCommand] [INFO][37m - User: [BarleyZP] Channel: [general] Guild: [Strewbarb's Server][0m
[36m[2021-06-08 11:46:37] [Commands.meme.DabCommand] [INFO][37m - User: [BarleyZP] Channel: [general] Guild: [Strewbarb's Server][0m
[36m[2021-06-09 22:25:32] [Commands.meme.DabCommand] [INFO][37m - User: [BarleyZP] Channel: [general] Guild: [Strewbarb's Server][0m
[36m[2021-06-10 17:12:47] [Commands.Util.Clear] [INFO][37m - User: [SnakeJ419] Channel: [bots] Guild: [Woah, Nice Cock][0m
[37m[2021-06-10 17:12:47] [Commands.Util.Clear] [FINE][37m - Removed Message: [852701865228632106] Content: [$clear 1] From: [unknown][0m
[37m[2021-06-10 17:12:47] [Commands.Util.Clear] [FINE][37m - Removed Message: [852701851572109312] Content: [$upgrade] From: [unknown][0m
[36m[2021-06-11 17:21:06] [Commands.timezones.TimeConversion] [INFO][37m - User: [SnakeJ419] Channel: [general] Guild: [Strewbarb's Server][0m
[36m[2021-06-11 17:21:26] [Commands.timezones.TimeConversion] [INFO][37m - User: [BarleyZP] Channel: [general] Guild: [Strewbarb's Server][0m
[36m[2021-06-11 17:21:55] [Commands.timezones.TimeConversion] [INFO][37m - User: [SnakeJ419] Channel: [general] Guild: [Strewbarb's Server][0m
[36m[2021-06-11 17:22:01] [Commands.Util.Clean] [INFO][37m - User: [SnakeJ419] Channel: [general] Guild: [Strewbarb's Server][0m
[37m[2021-06-11 17:22:01] [Commands.Util.Clean] [FINE][37m - Removed Message: [853066555696218122] Content: [Converted Times: 1:30am pst; 2:30am mst; 3:30am cst; 4:30am est] From: [The Time Lord][0m
[37m[2021-06-11 17:22:01] [Commands.Util.Clean] [FINE][37m - Removed Message: [853066432727875615] Content: [Converted Times: 1:00am pst; 2:00am mst; 3:00am cst; 4:00am est] From: [The Time Lord][0m
[37m[2021-06-11 17:22:01] [Commands.Util.Clean] [FINE][37m - Removed Message: [853066352147693588] Content: [Converted Times: 3:00am pst; 4:00am mst; 5:00am cst; 6:00am est] From: [The Time Lord][0m
[36m[2021-06-17 14:20:11] [Commands.timezones.TimeConversion] [INFO][37m - User: [SnakeJ419] Channel: [image-spam] Guild: [Strewbarb's Server][0m
[36m[2021-06-17 14:20:19] [Commands.timezones.TimeConversion] [INFO][37m - User: [SnakeJ419] Channel: [image-spam] Guild: [Strewbarb's Server][0m
[36m[2021-06-17 14:20:24] [Commands.Util.Clean] [INFO][37m - User: [SnakeJ419] Channel: [image-spam] Guild: [Strewbarb's Server][0m
[37m[2021-06-17 14:20:24] [Commands.Util.Clean] [FINE][37m - Removed Message: [855195186153652264] Content: [Converted Times: 10:00pm pst; 11:00pm mst; 12:00pm cst; 1:00am est] From: [The Time Lord][0m
[37m[2021-06-17 14:20:24] [Commands.Util.Clean] [FINE][37m - Removed Message: [855195151408300052] Content: [Converted Times: 8:00pm pst; 9:00pm mst; 10:00pm cst; 11:00pm est] From: [The Time Lord][0m
[36m[2021-06-17 14:22:31] [Commands.timezones.TimeConversion] [INFO][37m - User: [SnakeJ419] Channel: [image-spam] Guild: [Strewbarb's Server][0m
[36m[2021-06-17 14:22:33] [Commands.Util.Clean] [INFO][37m - User: [SnakeJ419] Channel: [image-spam] Guild: [Strewbarb's Server][0m
[37m[2021-06-17 14:22:34] [Commands.Util.Clean] [FINE][37m - Removed Message: [855195738405470230] Content: [Converted Times: 11:00pm pst; 12:00pm mst; 1:00am cst; 2:00am est] From: [The Time Lord][0m
[36m[2021-06-18 22:14:53] [Commands.meme.DabCommand] [INFO][37m - User: [SnakeJ419] Channel: [general] Guild: [Strewbarb's Server][0m
[36m[2021-06-19 00:08:37] [Commands.timezones.TimeConversion] [INFO][37m - User: [Goldfishy] Channel: [world-of-taura] Guild: [D&D & D&D Lawyers Office][0m
[36m[2021-06-20 09:37:25] [Commands.meme.DabCommand] [INFO][37m - User: [BarleyZP] Channel: [image-spam] Guild: [Strewbarb's Server][0m
[36m[2021-06-20 13:38:43] [Commands.Util.Suppress$SilentSuppressor] [INFO][37m - Suppressed [Special Agent BZP] in [Strewbarb's Server][0m
[36m[2021-06-20 13:40:09] [Commands.Util.Suppress$SilentSuppressor] [INFO][37m - Ended suppression on [Special Agent BZP] in [Strewbarb's Server][0m
[36m[2021-06-20 13:55:57] [Commands.timezones.TimeConversion] [INFO][37m - User: [SnakeJ419] Channel: [general] Guild: [Strewbarb's Server][0m
[36m[2021-06-20 16:35:24] [Commands.timezones.TimeConversion] [INFO][37m - User: [BarleyZP] Channel: [general] Guild: [Strewbarb's Server][0m
[36m[2021-06-20 23:37:32] [Commands.meme.DabCommand] [INFO][37m - User: [BarleyZP] Channel: [general] Guild: [Strewbarb's Server][0m
[36m[2021-06-20 23:37:40] [Commands.meme.DabCommand] [INFO][37m - User: [BarleyZP] Channel: [general] Guild: [Strewbarb's Server][0m
[36m[2021-06-21 18:49:41] [Commands.timezones.TimeConversion] [INFO][37m - User: [Goldfishy] Channel: [world-of-taura] Guild: [D&D & D&D Lawyers Office][0m
[36m[2021-06-24 17:04:06] [Commands.Util.Clear] [INFO][37m - User: [SnakeJ419] Channel: [general] Guild: [DND - the world doesnt have a name i dont do that much planning][0m
[37m[2021-06-24 17:04:07] [Commands.Util.Clear] [FINE][37m - Removed Message: [857773113425264640] Content: [$clear 4] From: [SnakeJ419][0m
[37m[2021-06-24 17:04:07] [Commands.Util.Clear] [FINE][37m - Removed Message: [857773067329339412] Content: [$clear 3] From: [SnakeJ419][0m
[37m[2021-06-24 17:04:07] [Commands.Util.Clear] [FINE][37m - Removed Message: [857772968859926548] Content: [Salad] From: [unknown][0m
[37m[2021-06-24 17:04:07] [Commands.Util.Clear] [FINE][37m - Removed Message: [857772962844770316] Content: [$clear 1] From: [SnakeJ419][0m
[37m[2021-06-24 17:04:07] [Commands.Util.Clear] [FINE][37m - Removed Message: [857772960511950858] Content: [Fuck off] From: [unknown][0m
[36m[2021-06-24 18:14:11] [Commands.Util.Annoy] [INFO][37m - User: [SnakeJ419] Channel: [general] Guild: [Strewbarb's Server][0m
[36m[2021-06-24 18:15:35] [Commands.Util.ClearTo] [INFO][37m - User: [SnakeJ419] Channel: [general] Guild: [Strewbarb's Server][0m
[37m[2021-06-24 18:15:35] [Commands.Util.ClearTo] [FINE][37m - Removed Message: [857791101468934175] Content: [$clearto 857790748371583037] From: [Bread][0m
[37m[2021-06-24 18:15:35] [Commands.Util.ClearTo] [FINE][37m - Removed Message: [857791021312376832] Content: [<@!749499267995140228>] From: [The Time Lord][0m
[37m[2021-06-24 18:15:35] [Commands.Util.ClearTo] [FINE][37m - Removed Message: [857791014978453514] Content: [<@!749499267995140228>] From: [The Time Lord][0m
[37m[2021-06-24 18:15:35] [Commands.Util.ClearTo] [FINE][37m - Removed Message: [857791008518832129] Content: [<@!749499267995140228>] From: [The Time Lord][0m
[37m[2021-06-24 18:15:35] [Commands.Util.ClearTo] [FINE][37m - Removed Message: [857791002152927272] Content: [<@!749499267995140228>] From: [The Time Lord][0m
[37m[2021-06-24 18:15:35] [Commands.Util.ClearTo] [FINE][37m - Removed Message: [857790995907608586] Content: [<@!749499267995140228>] From: [The Time Lord][0m
[37m[2021-06-24 18:15:35] [Commands.Util.ClearTo] [FINE][37m - Removed Message: [857790989618642975] Content: [<@!749499267995140228>] From: [The Time Lord][0m
[37m[2021-06-24 18:15:35] [Commands.Util.ClearTo] [FINE][37m - Removed Message: [857790983244873738] Content: [<@!749499267995140228>] From: [The Time Lord][0m
[37m[2021-06-24 18:15:35] [Commands.Util.ClearTo] [FINE][37m - Removed Message: [857790977015283712] Content: [<@!749499267995140228>] From: [The Time Lord][0m
[37m[2021-06-24 18:15:35] [Commands.Util.ClearTo] [FINE][37m - Removed Message: [857790970393526283] Content: [<@!749499267995140228>] From: [The Time Lord][0m
[37m[2021-06-24 18:15:35] [Commands.Util.ClearTo] [FINE][37m - Removed Message: [857790964323319838] Content: [<@!749499267995140228>] From: [The Time Lord][0m
[37m[2021-06-24 18:15:35] [Commands.Util.ClearTo] [FINE][37m - Removed Message: [857790958006698024] Content: [<@!749499267995140228>] From: [The Time Lord][0m
[37m[2021-06-24 18:15:35] [Commands.Util.ClearTo] [FINE][37m - Removed Message: [857790951640399902] Content: [<@!749499267995140228>] From: [The Time Lord][0m
[37m[2021-06-24 18:15:35] [Commands.Util.ClearTo] [FINE][37m - Removed Message: [857790944992559105] Content: [<@!749499267995140228>] From: [The Time Lord][0m
[37m[2021-06-24 18:15:35] [Commands.Util.ClearTo] [FINE][37m - Removed Message: [857790940340158544] Content: [$clear 1] From: [Bread][0m
[37m[2021-06-24 18:15:35] [Commands.Util.ClearTo] [FINE][37m - Removed Message: [857790939036123156] Content: [<@!749499267995140228>] From: [The Time Lord][0m
[37m[2021-06-24 18:15:35] [Commands.Util.ClearTo] [FINE][37m - Removed Message: [857790932749516820] Content: [<@!749499267995140228>] From: [The Time Lord][0m
[37m[2021-06-24 18:15:35] [Commands.Util.ClearTo] [FINE][37m - Removed Message: [857790926353203240] Content: [<@!749499267995140228>] From: [The Time Lord][0m
[37m[2021-06-24 18:15:35] [Commands.Util.ClearTo] [FINE][37m - Removed Message: [857790920023736340] Content: [<@!749499267995140228>] From: [The Time Lord][0m
[37m[2021-06-24 18:15:35] [Commands.Util.ClearTo] [FINE][37m - Removed Message: [857790913924300800] Content: [<@!749499267995140228>] From: [The Time Lord][0m
[37m[2021-06-24 18:15:35] [Commands.Util.ClearTo] [FINE][37m - Removed Message: [857790907294285835] Content: [<@!749499267995140228>] From: [The Time Lord][0m
[37m[2021-06-24 18:15:35] [Commands.Util.ClearTo] [FINE][37m - Removed Message: [857790901078065163] Content: [<@!749499267995140228>] From: [The Time Lord][0m
[37m[2021-06-24 18:15:35] [Commands.Util.ClearTo] [FINE][37m - Removed Message: [857790894791065630] Content: [<@!749499267995140228>] From: [The Time Lord][0m
[37m[2021-06-24 18:15:35] [Commands.Util.ClearTo] [FINE][37m - Removed Message: [857790888431190036] Content: [<@!749499267995140228>] From: [The Time Lord][0m
[37m[2021-06-24 18:15:35] [Commands.Util.ClearTo] [FINE][37m - Removed Message: [857790881989394442] Content: [<@!749499267995140228>] From: [The Time Lord][0m
[37m[2021-06-24 18:15:35] [Commands.Util.ClearTo] [FINE][37m - Removed Message: [857790875579711548] Content: [<@!749499267995140228>] From: [The Time Lord][0m
[37m[2021-06-24 18:15:35] [Commands.Util.ClearTo] [FINE][37m - Removed Message: [857790869549088768] Content: [<@!749499267995140228>] From: [The Time Lord][0m
[37m[2021-06-24 18:15:35] [Commands.Util.ClearTo] [FINE][37m - Removed Message: [857790863089467433] Content: [<@!749499267995140228>] From: [The Time Lord][0m
[37m[2021-06-24 18:15:35] [Commands.Util.ClearTo] [FINE][37m - Removed Message: [857790856698396672] Content: [<@!749499267995140228>] From: [The Time Lord][0m
[37m[2021-06-24 18:15:35] [Commands.Util.ClearTo] [FINE][37m - Removed Message: [857790850154364929] Content: [<@!749499267995140228>] From: [The Time Lord][0m
[37m[2021-06-24 18:15:35] [Commands.Util.ClearTo] [FINE][37m - Removed Message: [857790844235808778] Content: [<@!749499267995140228>] From: [The Time Lord][0m
[37m[2021-06-24 18:15:35] [Commands.Util.ClearTo] [FINE][37m - Removed Message: [857790837895594035] Content: [<@!749499267995140228>] From: [The Time Lord][0m
[37m[2021-06-24 18:15:35] [Commands.Util.ClearTo] [FINE][37m - Removed Message: [857790831007498250] Content: [<@!749499267995140228>] From: [The Time Lord][0m
[37m[2021-06-24 18:15:35] [Commands.Util.ClearTo] [FINE][37m - Removed Message: [857790825391194124] Content: [<@!749499267995140228>] From: [The Time Lord][0m
[37m[2021-06-24 18:15:35] [Commands.Util.ClearTo] [FINE][37m - Removed Message: [857790818932228146] Content: [<@!749499267995140228>] From: [The Time Lord][0m
[37m[2021-06-24 18:15:35] [Commands.Util.ClearTo] [FINE][37m - Removed Message: [857790812452814848] Content: [<@!749499267995140228>] From: [The Time Lord][0m
[37m[2021-06-24 18:15:35] [Commands.Util.ClearTo] [FINE][37m - Removed Message: [857790806274080779] Content: [<@!749499267995140228>] From: [The Time Lord][0m
[37m[2021-06-24 18:15:35] [Commands.Util.ClearTo] [FINE][37m - Removed Message: [857790806022291457] Content: [$suppresss <@!733407709130391582>] From: [unknown][0m
[37m[2021-06-24 18:15:35] [Commands.Util.ClearTo] [FINE][37m - Removed Message: [857790799844212736] Content: [<@!749499267995140228>] From: [The Time Lord][0m
[37m[2021-06-24 18:15:35] [Commands.Util.ClearTo] [FINE][37m - Removed Message: [857790793469001769] Content: [<@!749499267995140228>] From: [The Time Lord][0m
[37m[2021-06-24 18:15:35] [Commands.Util.ClearTo] [FINE][37m - Removed Message: [857790787302719508] Content: [<@!749499267995140228>] From: [The Time Lord][0m
[37m[2021-06-24 18:15:35] [Commands.Util.ClearTo] [FINE][37m - Removed Message: [857790780834971688] Content: [<@!749499267995140228>] From: [The Time Lord][0m
[37m[2021-06-24 18:15:35] [Commands.Util.ClearTo] [FINE][37m - Removed Message: [857790774548234291] Content: [<@!749499267995140228>] From: [The Time Lord][0m
[37m[2021-06-24 18:15:35] [Commands.Util.ClearTo] [FINE][37m - Removed Message: [857790767925559298] Content: [<@!749499267995140228>] From: [The Time Lord][0m
[37m[2021-06-24 18:15:35] [Commands.Util.ClearTo] [FINE][37m - Removed Message: [857790761969254430] Content: [<@!749499267995140228>] From: [The Time Lord][0m
[37m[2021-06-24 18:15:35] [Commands.Util.ClearTo] [FINE][37m - Removed Message: [857790755677405214] Content: [<@!749499267995140228>] From: [The Time Lord][0m
[37m[2021-06-24 18:15:35] [Commands.Util.ClearTo] [FINE][37m - Removed Message: [857790749760421908] Content: [<@!749499267995140228>] From: [The Time Lord][0m
[37m[2021-06-24 18:15:35] [Commands.Util.ClearTo] [FINE][37m - Removed Message: [857790748371583037] Content: [$annoy <@!749499267995140228> 100] From: [Bread][0m
[36m[2021-06-25 14:47:27] [Commands.timezones.TimeConversion] [INFO][37m - User: [BarleyZP] Channel: [general] Guild: [Strewbarb's Server][0m
[36m[2021-06-25 21:32:04] [Commands.meme.DabCommand] [INFO][37m - User: [BarleyZP] Channel: [image-spam] Guild: [Strewbarb's Server][0m
[36m[2021-06-25 21:32:40] [Commands.meme.DabCommand] [INFO][37m - User: [BarleyZP] Channel: [image-spam] Guild: [Strewbarb's Server][0m
[36m[2021-06-25 21:32:44] [Commands.meme.DabCommand] [INFO][37m - User: [SnakeJ419] Channel: [image-spam] Guild: [Strewbarb's Server][0m
[36m[2021-06-26 20:10:00] [Commands.Util.Clear] [INFO][37m - User: [SnakeJ419] Channel: [new-general] Guild: [Woah, Nice Cock][0m
[37m[2021-06-26 20:10:00] [Commands.Util.Clear] [FINE][37m - Removed Message: [858544673785249813] Content: [$clear 10] From: [SnakeJ419][0m
[37m[2021-06-26 20:10:00] [Commands.Util.Clear] [FINE][37m - Removed Message: [858544549126340668] Content: [$upgrade] From: [CLÜE][0m
[37m[2021-06-26 20:10:00] [Commands.Util.Clear] [FINE][37m - Removed Message: [858544549080465439] Content: [] From: [Conar][0m
[37m[2021-06-26 20:10:00] [Commands.Util.Clear] [FINE][37m - Removed Message: [858544548060594186] Content: [$upgrade] From: [CLÜE][0m
[37m[2021-06-26 20:10:00] [Commands.Util.Clear] [FINE][37m - Removed Message: [858544547188834345] Content: [$upgrade] From: [CLÜE][0m
[37m[2021-06-26 20:10:00] [Commands.Util.Clear] [FINE][37m - Removed Message: [858544546463088660] Content: [$upgrade] From: [CLÜE][0m
[37m[2021-06-26 20:10:00] [Commands.Util.Clear] [FINE][37m - Removed Message: [858544545766965248] Content: [$upgrade] From: [CLÜE][0m
[37m[2021-06-26 20:10:00] [Commands.Util.Clear] [FINE][37m - Removed Message: [858544544428458034] Content: [$upgrade] From: [CLÜE][0m
[37m[2021-06-26 20:10:00] [Commands.Util.Clear] [FINE][37m - Removed Message: [858544513701117993] Content: [$upgrade] From: [CLÜE][0m
[37m[2021-06-26 20:10:00] [Commands.Util.Clear] [FINE][37m - Removed Message: [858544512649789460] Content: [$upgrade] From: [CLÜE][0m
[37m[2021-06-26 20:10:00] [Commands.Util.Clear] [FINE][37m - Removed Message: [858544511264358410] Content: [$upgrade] From: [CLÜE][0m
[36m[2021-06-26 20:10:20] [Commands.Util.ClearTo] [INFO][37m - User: [SnakeJ419] Channel: [new-general] Guild: [Woah, Nice Cock][0m
[37m[2021-06-26 20:10:21] [Commands.Util.ClearTo] [FINE][37m - Removed Message: [858544759555096597] Content: [$clearto 858544127980601344] From: [SnakeJ419][0m
[37m[2021-06-26 20:10:21] [Commands.Util.ClearTo] [FINE][37m - Removed Message: [858544683055054878] Content: [] From: [Conar][0m
[37m[2021-06-26 20:10:21] [Commands.Util.ClearTo] [FINE][37m - Removed Message: [858544509825581116] Content: [$upgrade] From: [CLÜE][0m
[37m[2021-06-26 20:10:21] [Commands.Util.ClearTo] [FINE][37m - Removed Message: [858544508505554955] Content: [$upgrade] From: [CLÜE][0m
[37m[2021-06-26 20:10:21] [Commands.Util.ClearTo] [FINE][37m - Removed Message: [858544507213578300] Content: [$upgrade] From: [CLÜE][0m
[37m[2021-06-26 20:10:21] [Commands.Util.ClearTo] [FINE][37m - Removed Message: [858544506072072252] Content: [$upgrade] From: [CLÜE][0m
[37m[2021-06-26 20:10:21] [Commands.Util.ClearTo] [FINE][37m - Removed Message: [858544504395137035] Content: [$upgrade] From: [CLÜE][0m
[37m[2021-06-26 20:10:21] [Commands.Util.ClearTo] [FINE][37m - Removed Message: [858544503732174869] Content: [$upgrade] From: [CLÜE][0m
[37m[2021-06-26 20:10:21] [Commands.Util.ClearTo] [FINE][37m - Removed Message: [858544501667397674] Content: [$upgrade] From: [CLÜE][0m
[37m[2021-06-26 20:10:21] [Commands.Util.ClearTo] [FINE][37m - Removed Message: [858544428335890442] Content: [$upgrade] From: [CLÜE][0m
[37m[2021-06-26 20:10:21] [Commands.Util.ClearTo] [FINE][37m - Removed Message: [858544379672002561] Content: [$upgrade] From: [Lawlerhat][0m
[37m[2021-06-26 20:10:21] [Commands.Util.ClearTo] [FINE][37m - Removed Message: [858544127980601344] Content: [$upgrade] From: [SnakeJ419][0m
[36m[2021-06-26 20:11:55] [Commands.Util.Clear] [INFO][37m - User: [SnakeJ419] Channel: [new-general] Guild: [Woah, Nice Cock][0m
[37m[2021-06-26 20:11:55] [Commands.Util.Clear] [FINE][37m - Removed Message: [858545156201644082] Content: [$clear 1] From: [SnakeJ419][0m
[37m[2021-06-26 20:11:55] [Commands.Util.Clear] [FINE][37m - Removed Message: [858545121858420736] Content: [Troughs Burrow] From: [SnakeJ419][0m
[36m[2021-06-26 20:22:11] [Commands.dnd.DNDNick] [INFO][37m - User: [SnakeJ419] Channel: [dnd] Guild: [Woah, Nice Cock][0m
[32m[2021-06-26 20:22:12] [Commands.dnd.DNDNick] [CONFIG][37m - {326415273827762176,<null>}[0m
[37m[2021-06-26 20:22:12] [Commands.dnd.DNDNick] [FINE][37m - Changed: [SnakeJ419] to: [GodOfTheWorld][0m
[32m[2021-06-26 20:22:12] [Commands.dnd.DNDNick] [CONFIG][37m - {250776388984897536,Tyrian}[0m
[37m[2021-06-26 20:22:12] [Commands.dnd.DNDNick] [FINE][37m - Changed: [Tyrian] to: [Fawn][0m
[32m[2021-06-26 20:22:12] [Commands.dnd.DNDNick] [CONFIG][37m - {297190923551506432,Indigo}[0m
[37m[2021-06-26 20:22:12] [Commands.dnd.DNDNick] [FINE][37m - Changed: [Indigo] to: [Nalzyr][0m
[32m[2021-06-26 20:22:12] [Commands.dnd.DNDNick] [CONFIG][37m - {204436639072780299,<null>}[0m
[37m[2021-06-26 20:22:12] [Commands.dnd.DNDNick] [FINE][37m - Changed: [Chaun Deetle] to: [Vladimir][0m
[36m[2021-06-26 20:22:20] [Commands.dnd.ResetNick] [INFO][37m - User: [SnakeJ419] Channel: [dnd] Guild: [Woah, Nice Cock][0m
[37m[2021-06-26 20:22:20] [Commands.dnd.ResetNick] [FINE][37m - Changed: [GodOfTheWorld] to: [][0m
[37m[2021-06-26 20:22:20] [Commands.dnd.ResetNick] [FINE][37m - Changed: [Fawn] to: [Tyrian][0m
[37m[2021-06-26 20:22:20] [Commands.dnd.ResetNick] [FINE][37m - Changed: [Nalzyr] to: [Indigo][0m
[37m[2021-06-26 20:22:20] [Commands.dnd.ResetNick] [FINE][37m - Changed: [Vladimir] to: [][0m
[36m[2021-06-26 20:22:48] [Commands.dnd.SetDNDNick] [INFO][37m - User: [Conar] Channel: [dnd] Guild: [Woah, Nice Cock][0m
[37m[2021-06-26 20:22:48] [Commands.dnd.SetDNDNick] [FINE][37m - DND Nick of: Conar saved as: Tyrian[0m
[36m[2021-06-26 20:22:50] [Commands.dnd.SetDNDNick] [INFO][37m - User: [Lawlerhat] Channel: [dnd] Guild: [Woah, Nice Cock][0m
[37m[2021-06-26 20:22:50] [Commands.dnd.SetDNDNick] [FINE][37m - DND Nick of: Indigo saved as: Indigo[0m
[36m[2021-06-26 20:23:00] [Commands.dnd.DNDNick] [INFO][37m - User: [SnakeJ419] Channel: [dnd] Guild: [Woah, Nice Cock][0m
[32m[2021-06-26 20:23:00] [Commands.dnd.DNDNick] [CONFIG][37m - {326415273827762176,<null>}[0m
[37m[2021-06-26 20:23:00] [Commands.dnd.DNDNick] [FINE][37m - Changed: [SnakeJ419] to: [GodOfTheWorld][0m
[32m[2021-06-26 20:23:00] [Commands.dnd.DNDNick] [CONFIG][37m - {250776388984897536,<null>}[0m
[37m[2021-06-26 20:23:00] [Commands.dnd.DNDNick] [FINE][37m - Changed: [Conar] to: [Tyrian][0m
[32m[2021-06-26 20:23:00] [Commands.dnd.DNDNick] [CONFIG][37m - {297190923551506432,<null>}[0m
[37m[2021-06-26 20:23:00] [Commands.dnd.DNDNick] [FINE][37m - Changed: [Lawlerhat] to: [Indigo][0m
[32m[2021-06-26 20:23:01] [Commands.dnd.DNDNick] [CONFIG][37m - {204436639072780299,<null>}[0m
[37m[2021-06-26 20:23:01] [Commands.dnd.DNDNick] [FINE][37m - Changed: [Chaun Deetle] to: [Vladimir][0m
[36m[2021-06-26 21:39:00] [Commands.meme.DabCommand] [INFO][37m - User: [SnakeJ419] Channel: [general] Guild: [Strewbarb's Server][0m
[36m[2021-06-27 16:23:16] [Commands.meme.DabCommand] [INFO][37m - User: [SnakeJ419] Channel: [general] Guild: [Strewbarb's Server][0m
[36m[2021-06-27 17:35:53] [Commands.meme.DabCommand] [INFO][37m - User: [SnakeJ419] Channel: [general] Guild: [Strewbarb's Server][0m
[36m[2021-06-27 21:03:12] [Commands.dnd.ResetNick] [INFO][37m - User: [SnakeJ419] Channel: [new-general] Guild: [Woah, Nice Cock][0m
[37m[2021-06-27 21:03:12] [Commands.dnd.ResetNick] [FINE][37m - Changed: [Tyrian] to: [][0m
[37m[2021-06-27 21:03:12] [Commands.dnd.ResetNick] [FINE][37m - Changed: [Vladimir] to: [][0m
[37m[2021-06-27 21:03:12] [Commands.dnd.ResetNick] [FINE][37m - Changed: [GodOfTheWorld] to: [][0m
[37m[2021-06-27 21:03:12] [Commands.dnd.ResetNick] [FINE][37m - Changed: [Lawlerhat] to: [][0m
[36m[2021-06-27 21:46:20] [Commands.timezones.TimeConversion] [INFO][37m - User: [Goldfishy] Channel: [world-of-taura] Guild: [D&D & D&D Lawyers Office][0m
[36m[2021-06-27 21:46:43] [Commands.meme.DabCommand] [INFO][37m - User: [SnakeJ419] Channel: [world-of-taura] Guild: [D&D & D&D Lawyers Office][0m
[36m[2021-06-27 21:47:20] [Commands.timezones.TimeConversion] [INFO][37m - User: [Goldfishy] Channel: [world-of-taura] Guild: [D&D & D&D Lawyers Office][0m
[36m[2021-06-27 21:53:10] [Commands.timezones.TimeConversion] [INFO][37m - User: [Jerbilcraft] Channel: [world-of-taura] Guild: [D&D & D&D Lawyers Office][0m
[36m[2021-06-27 21:54:01] [Commands.timezones.TimeConversion] [INFO][37m - User: [Goldfishy] Channel: [world-of-taura] Guild: [D&D & D&D Lawyers Office][0m
[36m[2021-06-27 21:55:19] [Commands.timezones.TimeConversion] [INFO][37m - User: [Goldfishy] Channel: [world-of-taura] Guild: [D&D & D&D Lawyers Office][0m
[36m[2021-06-27 22:05:12] [Commands.timezones.TimeConversion] [INFO][37m - User: [Jerbilcraft] Channel: [world-of-taura] Guild: [D&D & D&D Lawyers Office][0m
[36m[2021-06-27 22:07:28] [Commands.timezones.TimeConversion] [INFO][37m - User: [RedBarn] Channel: [world-of-taura] Guild: [D&D & D&D Lawyers Office][0m
[36m[2021-06-27 22:07:32] [Commands.timezones.TimeConversion] [INFO][37m - User: [1Revenger1] Channel: [world-of-taura] Guild: [D&D & D&D Lawyers Office][0m
[36m[2021-06-28 10:36:13] [Commands.meme.DabCommand] [INFO][37m - User: [SnakeJ419] Channel: [general] Guild: [Strewbarb's Server][0m
[36m[2021-06-28 17:44:44] [Commands.meme.DabCommand] [INFO][37m - User: [BarleyZP] Channel: [video-spam] Guild: [Strewbarb's Server][0m
[36m[2021-06-28 19:37:08] [Commands.timezones.TimeConversion] [INFO][37m - User: [BarleyZP] Channel: [general] Guild: [Strewbarb's Server][0m
[36m[2021-06-28 20:34:26] [Commands.meme.DabCommand] [INFO][37m - User: [SnakeJ419] Channel: [video-spam] Guild: [Strewbarb's Server][0m
[36m[2021-06-29 08:39:06] [Commands.timezones.TimeConversion] [INFO][37m - User: [SnakeJ419] Channel: [image-spam] Guild: [Strewbarb's Server][0m
[36m[2021-06-30 22:18:36] [Commands.meme.DabCommand] [INFO][37m - User: [RedBarn] Channel: [offtopic] Guild: [D&D & D&D Lawyers Office][0m
[36m[2021-07-02 08:05:12] [Commands.meme.DabCommand] [INFO][37m - User: [SnakeJ419] Channel: [general] Guild: [Strewbarb's Server][0m
[36m[2021-07-02 18:53:48] [Commands.timezones.TimeConversion] [INFO][37m - User: [thoughtslay3r] Channel: [general] Guild: [JMDD][0m
[36m[2021-07-02 21:34:19] [Commands.dnd.DNDNick] [INFO][37m - User: [SnakeJ419] Channel: [bots] Guild: [Woah, Nice Cock][0m
[32m[2021-07-02 21:34:19] [Commands.dnd.DNDNick] [CONFIG][37m - {326415273827762176,<null>}[0m
[37m[2021-07-02 21:34:19] [Commands.dnd.DNDNick] [FINE][37m - Changed: [SnakeJ419] to: [GodOfTheWorld][0m
[32m[2021-07-02 21:34:19] [Commands.dnd.DNDNick] [CONFIG][37m - {250776388984897536,<null>}[0m
[37m[2021-07-02 21:34:19] [Commands.dnd.DNDNick] [FINE][37m - Changed: [Conar] to: [Tyrian][0m
[32m[2021-07-02 21:34:19] [Commands.dnd.DNDNick] [CONFIG][37m - {297190923551506432,<null>}[0m
[37m[2021-07-02 21:34:19] [Commands.dnd.DNDNick] [FINE][37m - Changed: [Lawlerhat] to: [Indigo][0m
[32m[2021-07-02 21:34:19] [Commands.dnd.DNDNick] [CONFIG][37m - {204436639072780299,<null>}[0m
[37m[2021-07-02 21:34:19] [Commands.dnd.DNDNick] [FINE][37m - Changed: [Chaun Deetle] to: [Vladimir][0m
[36m[2021-07-02 23:10:34] [Commands.meme.DabCommand] [INFO][37m - User: [BarleyZP] Channel: [image-spam] Guild: [Strewbarb's Server][0m
[36m[2021-07-02 23:21:21] [Commands.dnd.ResetNick] [INFO][37m - User: [SnakeJ419] Channel: [new-general] Guild: [Woah, Nice Cock][0m
[37m[2021-07-02 23:21:21] [Commands.dnd.ResetNick] [FINE][37m - Changed: [Tyrian] to: [][0m
[37m[2021-07-02 23:21:21] [Commands.dnd.ResetNick] [FINE][37m - Changed: [Lawlerhat] to: [][0m
[37m[2021-07-02 23:21:21] [Commands.dnd.ResetNick] [FINE][37m - Changed: [GodOfTheWorld] to: [][0m
[37m[2021-07-02 23:21:21] [Commands.dnd.ResetNick] [FINE][37m - Changed: [Vladimir] to: [][0m
[36m[2021-07-03 17:14:55] [Commands.timezones.TimeConversion] [INFO][37m - User: [BarleyZP] Channel: [general] Guild: [DND - the world doesnt have a name i dont do that much planning][0m
[36m[2021-07-04 12:30:19] [Commands.meme.DabCommand] [INFO][37m - User: [RedBarn] Channel: [offtopic] Guild: [D&D & D&D Lawyers Office][0m
[36m[2021-07-04 13:56:47] [Commands.timezones.TimeConversion] [INFO][37m - User: [1Revenger1] Channel: [offtopic] Guild: [D&D & D&D Lawyers Office][0m
[36m[2021-07-04 16:49:46] [Commands.Util.Annoy] [INFO][37m - User: [SnakeJ419] Channel: [general] Guild: [DND - the world doesnt have a name i dont do that much planning][0m
[36m[2021-07-04 16:51:15] [Commands.Util.Annoy] [INFO][37m - User: [SnakeJ419] Channel: [bots] Guild: [Strewbarb's Server][0m
[36m[2021-07-04 17:27:04] [Commands.Util.Clear] [INFO][37m - User: [SnakeJ419] Channel: [bots] Guild: [DND - the world doesnt have a name i dont do that much planning][0m
[37m[2021-07-04 17:27:05] [Commands.Util.Clear] [FINE][37m - Removed Message: [861402776251531285] Content: [$clear 1] From: [SnakeJ419][0m
[37m[2021-07-04 17:27:05] [Commands.Util.Clear] [FINE][37m - Removed Message: [861402759327645716] Content: [I thought the last one was 14?] From: [unknown][0m
[36m[2021-07-05 14:47:06] [Commands.timezones.TimeConversion] [INFO][37m - User: [SnakeJ419] Channel: [general] Guild: [Strewbarb's Server][0m
[36m[2021-07-06 18:12:40] [Commands.timezones.TimeConversion] [INFO][37m - User: [Goldfishy] Channel: [offtopic] Guild: [D&D & D&D Lawyers Office][0m
[36m[2021-07-11 16:22:26] [Commands.meme.DabCommand] [INFO][37m - User: [SnakeJ419] Channel: [general] Guild: [Strewbarb's Server][0m
[36m[2021-07-11 17:46:05] [Commands.timezones.TimeConversion] [INFO][37m - User: [SnakeJ419] Channel: [general] Guild: [Extrion][0m
[36m[2021-07-11 17:47:43] [Commands.timezones.TimeConversion] [INFO][37m - User: [EthanBernard] Channel: [general] Guild: [Extrion][0m
[36m[2021-07-11 20:05:45] [Commands.timezones.TimeConversion] [INFO][37m - User: [BarleyZP] Channel: [general] Guild: [Extrion][0m
[36m[2021-07-11 20:27:33] [Commands.timezones.TimeConversion] [INFO][37m - User: [BarleyZP] Channel: [general] Guild: [Strewbarb's Server][0m
[36m[2021-07-11 20:27:50] [Commands.timezones.TimeConversion] [INFO][37m - User: [BarleyZP] Channel: [general] Guild: [Extrion][0m
[36m[2021-07-12 21:23:33] [Commands.timezones.TimeConversion] [INFO][37m - User: [Rythm] Channel: [bots] Guild: [JMDD][0m
[36m[2021-07-13 16:55:56] [Commands.Util.Annoy] [INFO][37m - User: [SnakeJ419] Channel: [bots] Guild: [Extrion][0m
[36m[2021-07-13 22:06:05] [Commands.meme.DabCommand] [INFO][37m - User: [Goldfishy] Channel: [offtopic] Guild: [D&D & D&D Lawyers Office][0m
[36m[2021-07-13 22:12:07] [Commands.meme.DabCommand] [INFO][37m - User: [Goldfishy] Channel: [offtopic] Guild: [D&D & D&D Lawyers Office][0m
[36m[2021-07-13 22:12:45] [Commands.meme.DabCommand] [INFO][37m - User: [Goldfishy] Channel: [offtopic] Guild: [D&D & D&D Lawyers Office][0m
[36m[2021-07-13 22:18:45] [Commands.meme.DabCommand] [INFO][37m - User: [BarleyZP] Channel: [general] Guild: [Strewbarb's Server][0m
[36m[2021-07-25 18:46:05] [Commands.Util.Suppress$SilentSuppressor] [INFO][37m - Suppressed [85% Masochist] in [thighs fan club (Awooga)][0m
[36m[2021-07-25 19:19:39] [Commands.meme.DabCommand] [INFO][37m - User: [BarleyZP] Channel: [general] Guild: [Strewbarb's Server][0m
[36m[2021-07-25 20:34:01] [Commands.timezones.TimeConversion] [INFO][37m - User: [BarleyZP] Channel: [general] Guild: [Strewbarb's Server][0m
[36m[2021-07-30 21:05:48] [Commands.meme.DabCommand] [INFO][37m - User: [BarleyZP] Channel: [image-spam] Guild: [Strewbarb's Server][0m
[36m[2021-07-30 21:06:35] [Commands.meme.DabCommand] [INFO][37m - User: [BarleyZP] Channel: [image-spam] Guild: [Strewbarb's Server][0m
[36m[2021-07-30 21:18:16] [Commands.Util.Clear] [INFO][37m - User: [BarleyZP] Channel: [image-spam] Guild: [Strewbarb's Server][0m
[37m[2021-07-30 21:18:16] [Commands.Util.Clear] [FINE][37m - Removed Message: [870883039381688320] Content: [$clear 2] From: [unknown][0m
[37m[2021-07-30 21:18:16] [Commands.Util.Clear] [FINE][37m - Removed Message: [870883009618935828] Content: [Op there it is] From: [unknown][0m
[37m[2021-07-30 21:18:16] [Commands.Util.Clear] [FINE][37m - Removed Message: [870882995698032700] Content: [Is ur bot ok] From: [unknown][0m
[36m[2021-07-30 21:42:50] [Commands.Util.Clear] [INFO][37m - User: [SnakeJ419] Channel: [dnd] Guild: [Woah, Nice Cock][0m
[37m[2021-07-30 21:42:50] [Commands.Util.Clear] [FINE][37m - Removed Message: [870889219848036433] Content: [$clear 4] From: [SnakeJ419][0m
[37m[2021-07-30 21:42:50] [Commands.Util.Clear] [FINE][37m - Removed Message: [870889200084455444] Content: [h] From: [SnakeJ419][0m
[37m[2021-07-30 21:42:50] [Commands.Util.Clear] [FINE][37m - Removed Message: [870889192979316737] Content: [h] From: [SnakeJ419][0m
[37m[2021-07-30 21:42:50] [Commands.Util.Clear] [FINE][37m - Removed Message: [870889191020580906] Content: [h] From: [SnakeJ419][0m
[37m[2021-07-30 21:42:50] [Commands.Util.Clear] [FINE][37m - Removed Message: [870889186578804786] Content: [h] From: [SnakeJ419][0m
[36m[2021-07-30 22:30:25] [Commands.dnd.DNDNick] [INFO][37m - User: [SnakeJ419] Channel: [bots] Guild: [Woah, Nice Cock][0m
[32m[2021-07-30 22:30:25] [Commands.dnd.DNDNick] [CONFIG][37m - {326415273827762176,<null>}[0m
[37m[2021-07-30 22:30:25] [Commands.dnd.DNDNick] [FINE][37m - Changed: [SnakeJ419] to: [GodOfTheWorld][0m
[32m[2021-07-30 22:30:25] [Commands.dnd.DNDNick] [CONFIG][37m - {250776388984897536,<null>}[0m
[37m[2021-07-30 22:30:25] [Commands.dnd.DNDNick] [FINE][37m - Changed: [Conar] to: [Tyrian][0m
[32m[2021-07-30 22:30:25] [Commands.dnd.DNDNick] [CONFIG][37m - {297190923551506432,<null>}[0m
[37m[2021-07-30 22:30:25] [Commands.dnd.DNDNick] [FINE][37m - Changed: [Lawlerhat] to: [Indigo][0m
[32m[2021-07-30 22:30:25] [Commands.dnd.DNDNick] [CONFIG][37m - {204436639072780299,<null>}[0m
[37m[2021-07-30 22:30:25] [Commands.dnd.DNDNick] [FINE][37m - Changed: [Chaun Deetle] to: [Vladimir][0m
[36m[2021-07-30 23:15:03] [Commands.dnd.ResetNick] [INFO][37m - User: [SnakeJ419] Channel: [bots] Guild: [Woah, Nice Cock][0m
[37m[2021-07-30 23:15:03] [Commands.dnd.ResetNick] [FINE][37m - Changed: [GodOfTheWorld] to: [][0m
[37m[2021-07-30 23:15:03] [Commands.dnd.ResetNick] [FINE][37m - Changed: [Tyrian] to: [][0m
[37m[2021-07-30 23:15:03] [Commands.dnd.ResetNick] [FINE][37m - Changed: [Indigo] to: [][0m
[37m[2021-07-30 23:15:03] [Commands.dnd.ResetNick] [FINE][37m - Changed: [Vladimir] to: [][0m
[36m[2021-07-30 23:33:10] [Commands.Util.Clear] [INFO][37m - User: [SnakeJ419] Channel: [homework-2-tb] Guild: [Woah, Nice Cock][0m
[37m[2021-07-30 23:33:10] [Commands.Util.Clear] [FINE][37m - Removed Message: [870916988128591893] Content: [$clear 1] From: [SnakeJ419][0m
[37m[2021-07-30 23:33:10] [Commands.Util.Clear] [FINE][37m - Removed Message: [870916675581640714] Content: [https://media.discordapp.net/attachments/828505762619195392/870872552707326002/image0.jpg?width=507&height=676] From: [SnakeJ419][0m
[36m[2021-08-01 17:08:51] [Commands.Util.Suppress$SilentSuppressor] [INFO][37m - Suppressed [85% Masochist] in [thighs fan club (Awooga)][0m
[36m[2021-08-01 17:09:54] [Commands.Util.Suppress$SilentSuppressor] [INFO][37m - Ended suppression on [85% Masochist] in [thighs fan club (Awooga)][0m
[36m[2021-08-05 02:17:01] [Commands.timezones.TimeConversion] [INFO][37m - User: [SnakeJ419] Channel: [image-spam] Guild: [Strewbarb's Server][0m
[36m[2021-08-21 21:00:39] [Commands.timezones.TimeConversion] [INFO][37m - User: [BarleyZP] Channel: [general] Guild: [Strewbarb's Server][0m
[36m[2021-08-21 21:00:49] [Commands.meme.DabCommand] [INFO][37m - User: [BarleyZP] Channel: [general] Guild: [Strewbarb's Server][0m
[36m[2021-08-21 22:09:23] [Commands.meme.DabCommand] [INFO][37m - User: [SnakeJ419] Channel: [general] Guild: [Strewbarb's Server][0m
[36m[2021-08-21 22:19:46] [Commands.meme.DabCommand] [INFO][37m - User: [BarleyZP] Channel: [general] Guild: [Strewbarb's Server][0m
[36m[2021-08-28 23:58:43] [Commands.Util.Suppress$SilentSuppressor] [INFO][37m - Ended suppression on [SnakeJ419] in [TimeLord's Super Secret Test Server][0m
[36m[2021-08-28 23:58:43] [Commands.Util.Suppress$SilentSuppressor] [INFO][37m - Ended suppression on [SnakeJ419] in [TimeLord's Super Secret Test Server][0m
[36m[2021-08-29 00:02:25] [Commands.Util.Suppress$SilentSuppressor] [INFO][37m - Ended suppression on [1Revenger1] in [TimeLord's Super Secret Test Server][0m
[36m[2021-08-29 00:02:25] [Commands.Util.Suppress$SilentSuppressor] [INFO][37m - Ended suppression on [1Revenger1] in [TimeLord's Super Secret Test Server][0m
